[ 2016-07-06T23:34:48+08:00 ] ::1 /thinkphp/hp/index.php/Home/Doctor/dataImport
INFO: [ app_init ] --START--
INFO: Run Behavior\BuildLiteBehavior [ RunTime:0.000016s ]
INFO: [ app_init ] --END-- [ RunTime:0.000493s ]
INFO: [ app_begin ] --START--
INFO: Run Behavior\ReadHtmlCacheBehavior [ RunTime:0.000513s ]
INFO: [ app_begin ] --END-- [ RunTime:0.000592s ]
NOTIC: [8] Use of undefined constant CONTROLLER - assumed 'CONTROLLER' /Applications/MAMP/htdocs/thinkphp/hp/Home/Controller/DoctorController.class.php 第 13 行.

[ 2016-07-06T23:35:35+08:00 ] ::1 /thinkphp/hp/index.php/Home/Doctor/dataImport
INFO: [ app_init ] --START--
INFO: Run Behavior\BuildLiteBehavior [ RunTime:0.000020s ]
INFO: [ app_init ] --END-- [ RunTime:0.000362s ]
INFO: [ app_begin ] --START--
INFO: Run Behavior\ReadHtmlCacheBehavior [ RunTime:0.000587s ]
INFO: [ app_begin ] --END-- [ RunTime:0.000683s ]
NOTIC: [8] Use of undefined constant CONTROLLER - assumed 'CONTROLLER' /Applications/MAMP/htdocs/thinkphp/hp/Home/Controller/DoctorController.class.php 第 13 行.
INFO: [ view_parse ] --START--
INFO: [ template_filter ] --START--
INFO: Run Behavior\ContentReplaceBehavior [ RunTime:0.000296s ]
INFO: [ template_filter ] --END-- [ RunTime:0.000363s ]
INFO: Run Behavior\ParseTemplateBehavior [ RunTime:0.024837s ]
INFO: [ view_parse ] --END-- [ RunTime:0.024899s ]
INFO: [ view_filter ] --START--
INFO: Run Behavior\WriteHtmlCacheBehavior [ RunTime:0.000165s ]
INFO: [ view_filter ] --END-- [ RunTime:0.000211s ]
INFO: [ app_end ] --START--
INFO: Run Behavior\ShowPageTraceBehavior [ RunTime:0.000854s ]
INFO: [ app_end ] --END-- [ RunTime:0.001001s ]

[ 2016-07-06T23:36:32+08:00 ] ::1 /thinkphp/hp/index.php/Home/Doctor/dataImport
INFO: [ app_init ] --START--
INFO: Run Behavior\BuildLiteBehavior [ RunTime:0.000023s ]
INFO: [ app_init ] --END-- [ RunTime:0.000559s ]
INFO: [ app_begin ] --START--
INFO: Run Behavior\ReadHtmlCacheBehavior [ RunTime:0.000532s ]
INFO: [ app_begin ] --END-- [ RunTime:0.000647s ]
NOTIC: [8] Use of undefined constant CONTROLLER - assumed 'CONTROLLER' /Applications/MAMP/htdocs/thinkphp/hp/Home/Controller/DoctorController.class.php 第 13 行.

[ 2016-07-06T23:36:43+08:00 ] ::1 /thinkphp/hp/index.php/Home/Doctor/dataImport
INFO: [ app_init ] --START--
INFO: Run Behavior\BuildLiteBehavior [ RunTime:0.000023s ]
INFO: [ app_init ] --END-- [ RunTime:0.000518s ]
INFO: [ app_begin ] --START--
INFO: Run Behavior\ReadHtmlCacheBehavior [ RunTime:0.000643s ]
INFO: [ app_begin ] --END-- [ RunTime:0.000738s ]
NOTIC: [8] Use of undefined constant CONTROLLER - assumed 'CONTROLLER' /Applications/MAMP/htdocs/thinkphp/hp/Home/Controller/DoctorController.class.php 第 13 行.

[ 2016-07-06T23:37:02+08:00 ] ::1 /thinkphp/hp/index.php/Home/Doctor/dataImport
INFO: [ app_init ] --START--
INFO: Run Behavior\BuildLiteBehavior [ RunTime:0.000023s ]
INFO: [ app_init ] --END-- [ RunTime:0.000441s ]
INFO: [ app_begin ] --START--
INFO: Run Behavior\ReadHtmlCacheBehavior [ RunTime:0.000775s ]
INFO: [ app_begin ] --END-- [ RunTime:0.000870s ]
NOTIC: [8] Use of undefined constant CONTROLLER - assumed 'CONTROLLER' /Applications/MAMP/htdocs/thinkphp/hp/Home/Controller/DoctorController.class.php 第 13 行.

[ 2016-07-06T23:37:03+08:00 ] ::1 /thinkphp/hp/index.php/Home/Doctor/undefined
INFO: [ app_init ] --START--
INFO: Run Behavior\BuildLiteBehavior [ RunTime:0.000014s ]
INFO: [ app_init ] --END-- [ RunTime:0.000332s ]
INFO: [ app_begin ] --START--
INFO: Run Behavior\ReadHtmlCacheBehavior [ RunTime:0.000437s ]
INFO: [ app_begin ] --END-- [ RunTime:0.000494s ]
NOTIC: [8] Use of undefined constant CONTROLLER - assumed 'CONTROLLER' /Applications/MAMP/htdocs/thinkphp/hp/Home/Controller/DoctorController.class.php 第 13 行.
ERR: 非法操作:undefined

[ 2016-07-06T23:37:27+08:00 ] ::1 /thinkphp/hp/index.php/Home/Doctor/dataImport
INFO: [ app_init ] --START--
INFO: Run Behavior\BuildLiteBehavior [ RunTime:0.000022s ]
INFO: [ app_init ] --END-- [ RunTime:0.000540s ]
INFO: [ app_begin ] --START--
INFO: Run Behavior\ReadHtmlCacheBehavior [ RunTime:0.000509s ]
INFO: [ app_begin ] --END-- [ RunTime:0.000605s ]
NOTIC: [8] Use of undefined constant CONTROLLER - assumed 'CONTROLLER' /Applications/MAMP/htdocs/thinkphp/hp/Home/Controller/DoctorController.class.php 第 13 行.
INFO: [ view_parse ] --START--
INFO: [ template_filter ] --START--
INFO: Run Behavior\ContentReplaceBehavior [ RunTime:0.000449s ]
INFO: [ template_filter ] --END-- [ RunTime:0.000533s ]
INFO: Run Behavior\ParseTemplateBehavior [ RunTime:0.020787s ]
INFO: [ view_parse ] --END-- [ RunTime:0.020855s ]
INFO: [ view_filter ] --START--
INFO: Run Behavior\WriteHtmlCacheBehavior [ RunTime:0.000164s ]
INFO: [ view_filter ] --END-- [ RunTime:0.000209s ]
INFO: [ app_end ] --START--
INFO: Run Behavior\ShowPageTraceBehavior [ RunTime:0.000847s ]
INFO: [ app_end ] --END-- [ RunTime:0.000960s ]

[ 2016-07-06T23:37:29+08:00 ] ::1 /thinkphp/hp/index.php/Home/Doctor/dataImport
INFO: [ app_init ] --START--
INFO: Run Behavior\BuildLiteBehavior [ RunTime:0.000015s ]
INFO: [ app_init ] --END-- [ RunTime:0.000329s ]
INFO: [ app_begin ] --START--
INFO: Run Behavior\ReadHtmlCacheBehavior [ RunTime:0.000524s ]
INFO: [ app_begin ] --END-- [ RunTime:0.000714s ]
NOTIC: [8] Use of undefined constant CONTROLLER - assumed 'CONTROLLER' /Applications/MAMP/htdocs/thinkphp/hp/Home/Controller/DoctorController.class.php 第 13 行.
INFO: [ view_parse ] --START--
INFO: [ template_filter ] --START--
INFO: Run Behavior\ContentReplaceBehavior [ RunTime:0.000071s ]
INFO: [ template_filter ] --END-- [ RunTime:0.000136s ]
INFO: Run Behavior\ParseTemplateBehavior [ RunTime:0.020690s ]
INFO: [ view_parse ] --END-- [ RunTime:0.020755s ]
INFO: [ view_filter ] --START--
INFO: Run Behavior\WriteHtmlCacheBehavior [ RunTime:0.000147s ]
INFO: [ view_filter ] --END-- [ RunTime:0.000191s ]
INFO: [ app_end ] --START--
INFO: Run Behavior\ShowPageTraceBehavior [ RunTime:0.000851s ]
INFO: [ app_end ] --END-- [ RunTime:0.001045s ]

[ 2016-07-06T23:37:31+08:00 ] ::1 /thinkphp/hp/index.php/Home/Doctor/dataImport
INFO: [ app_init ] --START--
INFO: Run Behavior\BuildLiteBehavior [ RunTime:0.000015s ]
INFO: [ app_init ] --END-- [ RunTime:0.000352s ]
INFO: [ app_begin ] --START--
INFO: Run Behavior\ReadHtmlCacheBehavior [ RunTime:0.000447s ]
INFO: [ app_begin ] --END-- [ RunTime:0.000501s ]
NOTIC: [8] Use of undefined constant CONTROLLER - assumed 'CONTROLLER' /Applications/MAMP/htdocs/thinkphp/hp/Home/Controller/DoctorController.class.php 第 13 行.

[ 2016-07-06T23:37:36+08:00 ] ::1 /thinkphp/hp/index.php/Home/Doctor/dataImport
INFO: [ app_init ] --START--
INFO: Run Behavior\BuildLiteBehavior [ RunTime:0.000013s ]
INFO: [ app_init ] --END-- [ RunTime:0.000308s ]
INFO: [ app_begin ] --START--
INFO: Run Behavior\ReadHtmlCacheBehavior [ RunTime:0.000394s ]
INFO: [ app_begin ] --END-- [ RunTime:0.000443s ]
NOTIC: [8] Use of undefined constant CONTROLLER - assumed 'CONTROLLER' /Applications/MAMP/htdocs/thinkphp/hp/Home/Controller/DoctorController.class.php 第 13 行.

[ 2016-07-06T23:38:26+08:00 ] ::1 /thinkphp/hp/index.php/Home/Doctor/dataImport
INFO: [ app_init ] --START--
INFO: Run Behavior\BuildLiteBehavior [ RunTime:0.000013s ]
INFO: [ app_init ] --END-- [ RunTime:0.000308s ]
INFO: [ app_begin ] --START--
INFO: Run Behavior\ReadHtmlCacheBehavior [ RunTime:0.000396s ]
INFO: [ app_begin ] --END-- [ RunTime:0.000443s ]
NOTIC: [8] Use of undefined constant CONTROLLER - assumed 'CONTROLLER' /Applications/MAMP/htdocs/thinkphp/hp/Home/Controller/DoctorController.class.php 第 13 行.

[ 2016-07-06T23:41:44+08:00 ] ::1 /thinkphp/hp/index.php/Home/Doctor/dataImport
INFO: [ app_init ] --START--
INFO: Run Behavior\BuildLiteBehavior [ RunTime:0.000042s ]
INFO: [ app_init ] --END-- [ RunTime:0.001076s ]
INFO: [ app_begin ] --START--
INFO: Run Behavior\ReadHtmlCacheBehavior [ RunTime:0.000835s ]
INFO: [ app_begin ] --END-- [ RunTime:0.000956s ]
NOTIC: [8] Use of undefined constant CONTROLLER - assumed 'CONTROLLER' /Applications/MAMP/htdocs/thinkphp/hp/Home/Controller/DoctorController.class.php 第 13 行.

[ 2016-07-06T23:41:50+08:00 ] ::1 /thinkphp/hp/index.php/Home/Doctor/dataImport
INFO: [ app_init ] --START--
INFO: Run Behavior\BuildLiteBehavior [ RunTime:0.000014s ]
INFO: [ app_init ] --END-- [ RunTime:0.000329s ]
INFO: [ app_begin ] --START--
INFO: Run Behavior\ReadHtmlCacheBehavior [ RunTime:0.000418s ]
INFO: [ app_begin ] --END-- [ RunTime:0.000469s ]
NOTIC: [8] Use of undefined constant CONTROLLER - assumed 'CONTROLLER' /Applications/MAMP/htdocs/thinkphp/hp/Home/Controller/DoctorController.class.php 第 13 行.
INFO: [ view_parse ] --START--
INFO: [ template_filter ] --START--
INFO: Run Behavior\ContentReplaceBehavior [ RunTime:0.000125s ]
INFO: [ template_filter ] --END-- [ RunTime:0.000192s ]
INFO: Run Behavior\ParseTemplateBehavior [ RunTime:0.022558s ]
INFO: [ view_parse ] --END-- [ RunTime:0.022615s ]
INFO: [ view_filter ] --START--
INFO: Run Behavior\WriteHtmlCacheBehavior [ RunTime:0.000390s ]
INFO: [ view_filter ] --END-- [ RunTime:0.000447s ]
INFO: [ app_end ] --START--
INFO: Run Behavior\ShowPageTraceBehavior [ RunTime:0.000957s ]
INFO: [ app_end ] --END-- [ RunTime:0.001037s ]

[ 2016-07-06T23:41:53+08:00 ] ::1 /thinkphp/hp/index.php/Home/Doctor/dataImport
INFO: [ app_init ] --START--
INFO: Run Behavior\BuildLiteBehavior [ RunTime:0.000014s ]
INFO: [ app_init ] --END-- [ RunTime:0.000311s ]
INFO: [ app_begin ] --START--
INFO: Run Behavior\ReadHtmlCacheBehavior [ RunTime:0.000398s ]
INFO: [ app_begin ] --END-- [ RunTime:0.000447s ]
NOTIC: [8] Use of undefined constant CONTROLLER - assumed 'CONTROLLER' /Applications/MAMP/htdocs/thinkphp/hp/Home/Controller/DoctorController.class.php 第 13 行.

[ 2016-07-06T23:42:17+08:00 ] ::1 /thinkphp/hp/index.php/Home/Doctor/dataImport
INFO: [ app_init ] --START--
INFO: Run Behavior\BuildLiteBehavior [ RunTime:0.000023s ]
INFO: [ app_init ] --END-- [ RunTime:0.000582s ]
INFO: [ app_begin ] --START--
INFO: Run Behavior\ReadHtmlCacheBehavior [ RunTime:0.000551s ]
INFO: [ app_begin ] --END-- [ RunTime:0.000664s ]
NOTIC: [8] Use of undefined constant CONTROLLER - assumed 'CONTROLLER' /Applications/MAMP/htdocs/thinkphp/hp/Home/Controller/DoctorController.class.php 第 13 行.
INFO: [ view_parse ] --START--
INFO: [ template_filter ] --START--
INFO: Run Behavior\ContentReplaceBehavior [ RunTime:0.000074s ]
INFO: [ template_filter ] --END-- [ RunTime:0.000140s ]
INFO: Run Behavior\ParseTemplateBehavior [ RunTime:0.017867s ]
INFO: [ view_parse ] --END-- [ RunTime:0.017924s ]
INFO: [ view_filter ] --START--
INFO: Run Behavior\WriteHtmlCacheBehavior [ RunTime:0.000151s ]
INFO: [ view_filter ] --END-- [ RunTime:0.000194s ]
INFO: [ app_end ] --START--
INFO: Run Behavior\ShowPageTraceBehavior [ RunTime:0.001027s ]
INFO: [ app_end ] --END-- [ RunTime:0.001164s ]

[ 2016-07-06T23:42:19+08:00 ] ::1 /thinkphp/hp/index.php/Home/Doctor/dataImport
INFO: [ app_init ] --START--
INFO: Run Behavior\BuildLiteBehavior [ RunTime:0.000013s ]
INFO: [ app_init ] --END-- [ RunTime:0.000311s ]
INFO: [ app_begin ] --START--
INFO: Run Behavior\ReadHtmlCacheBehavior [ RunTime:0.000397s ]
INFO: [ app_begin ] --END-- [ RunTime:0.000444s ]
NOTIC: [8] Use of undefined constant CONTROLLER - assumed 'CONTROLLER' /Applications/MAMP/htdocs/thinkphp/hp/Home/Controller/DoctorController.class.php 第 13 行.

[ 2016-07-06T23:44:48+08:00 ] ::1 /thinkphp/hp/index.php/Home/Doctor/dataImport
INFO: [ app_init ] --START--
INFO: Run Behavior\BuildLiteBehavior [ RunTime:0.000015s ]
INFO: [ app_init ] --END-- [ RunTime:0.000319s ]
INFO: [ app_begin ] --START--
INFO: Run Behavior\ReadHtmlCacheBehavior [ RunTime:0.000403s ]
INFO: [ app_begin ] --END-- [ RunTime:0.000452s ]
NOTIC: [8] Use of undefined constant CONTROLLER - assumed 'CONTROLLER' /Applications/MAMP/htdocs/thinkphp/hp/Home/Controller/DoctorController.class.php 第 13 行.
SQL: SHOW COLUMNS FROM `sw_study` [ RunTime:0.0036s ]
NOTIC: [8] Undefined index: validate /Applications/MAMP/htdocs/thinkphp/ThinkPHP/Library/Think/Model.class.php 第 1185 行.
NOTIC: [8] Undefined index: auto /Applications/MAMP/htdocs/thinkphp/ThinkPHP/Library/Think/Model.class.php 第 1128 行.
SQL: INSERT INTO `sw_study` (`badResponse`) VALUES ('3') [ RunTime:0.0012s ]
NOTIC: [2] Cannot modify header information - headers already sent by (output started at /Applications/MAMP/htdocs/thinkphp/hp/Home/Controller/DoctorController.class.php:41) /Applications/MAMP/htdocs/thinkphp/ThinkPHP/Library/Think/Controller.class.php 第 215 行.

[ 2016-07-06T23:45:41+08:00 ] ::1 /thinkphp/hp/index.php/Home/Doctor/dataImport
INFO: [ app_init ] --START--
INFO: Run Behavior\BuildLiteBehavior [ RunTime:0.000014s ]
INFO: [ app_init ] --END-- [ RunTime:0.000324s ]
INFO: [ app_begin ] --START--
INFO: Run Behavior\ReadHtmlCacheBehavior [ RunTime:0.000404s ]
INFO: [ app_begin ] --END-- [ RunTime:0.000452s ]
NOTIC: [8] Use of undefined constant CONTROLLER - assumed 'CONTROLLER' /Applications/MAMP/htdocs/thinkphp/hp/Home/Controller/DoctorController.class.php 第 13 行.
SQL: SHOW COLUMNS FROM `sw_study` [ RunTime:0.0037s ]
NOTIC: [8] Undefined index: validate /Applications/MAMP/htdocs/thinkphp/ThinkPHP/Library/Think/Model.class.php 第 1185 行.
NOTIC: [8] Undefined index: auto /Applications/MAMP/htdocs/thinkphp/ThinkPHP/Library/Think/Model.class.php 第 1128 行.
SQL: INSERT INTO `sw_study` (`badResponse`) VALUES ('3') [ RunTime:0.0004s ]

[ 2016-07-06T23:46:04+08:00 ] ::1 /thinkphp/hp/index.php/Home/Doctor/dataImport
INFO: [ app_init ] --START--
INFO: Run Behavior\BuildLiteBehavior [ RunTime:0.000013s ]
INFO: [ app_init ] --END-- [ RunTime:0.000309s ]
INFO: [ app_begin ] --START--
INFO: Run Behavior\ReadHtmlCacheBehavior [ RunTime:0.000397s ]
INFO: [ app_begin ] --END-- [ RunTime:0.000445s ]
NOTIC: [8] Use of undefined constant CONTROLLER - assumed 'CONTROLLER' /Applications/MAMP/htdocs/thinkphp/hp/Home/Controller/DoctorController.class.php 第 13 行.
SQL: SHOW COLUMNS FROM `sw_study` [ RunTime:0.0038s ]
NOTIC: [8] Undefined index: validate /Applications/MAMP/htdocs/thinkphp/ThinkPHP/Library/Think/Model.class.php 第 1185 行.
NOTIC: [8] Undefined index: auto /Applications/MAMP/htdocs/thinkphp/ThinkPHP/Library/Think/Model.class.php 第 1128 行.
SQL: INSERT INTO `sw_study` (`badResponse`) VALUES ('3,5') [ RunTime:0.0005s ]

[ 2016-07-06T23:49:17+08:00 ] ::1 /thinkphp/hp/index.php/Home/Doctor/dataImport
INFO: [ app_init ] --START--
INFO: Run Behavior\BuildLiteBehavior [ RunTime:0.000026s ]
INFO: [ app_init ] --END-- [ RunTime:0.000710s ]
INFO: [ app_begin ] --START--
INFO: Run Behavior\ReadHtmlCacheBehavior [ RunTime:0.000718s ]
INFO: [ app_begin ] --END-- [ RunTime:0.000786s ]
NOTIC: [8] Use of undefined constant CONTROLLER - assumed 'CONTROLLER' /Applications/MAMP/htdocs/thinkphp/hp/Home/Controller/DoctorController.class.php 第 13 行.
SQL: SHOW COLUMNS FROM `sw_study` [ RunTime:0.0031s ]
NOTIC: [8] Undefined index: validate /Applications/MAMP/htdocs/thinkphp/ThinkPHP/Library/Think/Model.class.php 第 1185 行.
NOTIC: [8] Undefined index: auto /Applications/MAMP/htdocs/thinkphp/ThinkPHP/Library/Think/Model.class.php 第 1128 行.
SQL: INSERT INTO `sw_study` (`badResponse`) VALUES ('3,5') [ RunTime:0.0006s ]

[ 2016-07-06T23:49:46+08:00 ] ::1 /thinkphp/hp/index.php/Home/Doctor/dataImport
INFO: [ app_init ] --START--
INFO: Run Behavior\BuildLiteBehavior [ RunTime:0.000013s ]
INFO: [ app_init ] --END-- [ RunTime:0.000308s ]
INFO: [ app_begin ] --START--
INFO: Run Behavior\ReadHtmlCacheBehavior [ RunTime:0.000580s ]
INFO: [ app_begin ] --END-- [ RunTime:0.000643s ]
NOTIC: [8] Use of undefined constant CONTROLLER - assumed 'CONTROLLER' /Applications/MAMP/htdocs/thinkphp/hp/Home/Controller/DoctorController.class.php 第 13 行.
SQL: SHOW COLUMNS FROM `sw_study` [ RunTime:0.0039s ]
NOTIC: [8] Undefined index: validate /Applications/MAMP/htdocs/thinkphp/ThinkPHP/Library/Think/Model.class.php 第 1185 行.
NOTIC: [8] Undefined index: auto /Applications/MAMP/htdocs/thinkphp/ThinkPHP/Library/Think/Model.class.php 第 1128 行.
SQL: INSERT INTO `sw_study` (`badResponse`) VALUES ('3,5') [ RunTime:0.0005s ]

[ 2016-07-06T23:50:03+08:00 ] ::1 /thinkphp/hp/index.php/Home/Doctor/dataImport
INFO: [ app_init ] --START--
INFO: Run Behavior\BuildLiteBehavior [ RunTime:0.000060s ]
INFO: [ app_init ] --END-- [ RunTime:0.000886s ]
INFO: [ app_begin ] --START--
INFO: Run Behavior\ReadHtmlCacheBehavior [ RunTime:0.000584s ]
INFO: [ app_begin ] --END-- [ RunTime:0.000685s ]
NOTIC: [8] Use of undefined constant CONTROLLER - assumed 'CONTROLLER' /Applications/MAMP/htdocs/thinkphp/hp/Home/Controller/DoctorController.class.php 第 13 行.
INFO: [ view_parse ] --START--
INFO: [ template_filter ] --START--
INFO: Run Behavior\ContentReplaceBehavior [ RunTime:0.000073s ]
INFO: [ template_filter ] --END-- [ RunTime:0.000139s ]
INFO: Run Behavior\ParseTemplateBehavior [ RunTime:0.020691s ]
INFO: [ view_parse ] --END-- [ RunTime:0.020770s ]
INFO: [ view_filter ] --START--
INFO: Run Behavior\WriteHtmlCacheBehavior [ RunTime:0.000412s ]
INFO: [ view_filter ] --END-- [ RunTime:0.000469s ]
INFO: [ app_end ] --START--
INFO: Run Behavior\ShowPageTraceBehavior [ RunTime:0.001043s ]
INFO: [ app_end ] --END-- [ RunTime:0.001146s ]

[ 2016-07-06T23:50:31+08:00 ] ::1 /thinkphp/hp/index.php/Home/Doctor/dataImport
INFO: [ app_init ] --START--
INFO: Run Behavior\BuildLiteBehavior [ RunTime:0.000013s ]
INFO: [ app_init ] --END-- [ RunTime:0.000318s ]
INFO: [ app_begin ] --START--
INFO: Run Behavior\ReadHtmlCacheBehavior [ RunTime:0.000403s ]
INFO: [ app_begin ] --END-- [ RunTime:0.000452s ]
NOTIC: [8] Use of undefined constant CONTROLLER - assumed 'CONTROLLER' /Applications/MAMP/htdocs/thinkphp/hp/Home/Controller/DoctorController.class.php 第 13 行.
SQL: SHOW COLUMNS FROM `sw_study` [ RunTime:0.0038s ]
NOTIC: [8] Undefined index: validate /Applications/MAMP/htdocs/thinkphp/ThinkPHP/Library/Think/Model.class.php 第 1185 行.
NOTIC: [8] Undefined index: auto /Applications/MAMP/htdocs/thinkphp/ThinkPHP/Library/Think/Model.class.php 第 1128 行.
SQL: INSERT INTO `sw_study` (`badResponse`,`id`,`times`,`phoneNumber`,`age`,`gastroscope`,`province`,`carbonType`,`levofloxacin`,`perscription`,`antibioticA`,`doseA`,`sourceA`,`antibioticB`,`doseB`,`sourceB`,`PPI`,`dosePPI`,`sourcePPI`,`bismuth`,`dosebismuth`,`sourcebismuth`,`othelrperscription`,`doseOther`,`sourceOther`,`firstTimeType`,`firstTimeResult`,`firstTimeDate`,`secondTimeType`,`secondTimeResult`,`secondTimeDate`) VALUES ('2,3','0','0','18688821396','12','1','','0','0','0','0','1','0','0','1','0','0','1','0','0','','0','0','','0','0','0','2016-06-30','0','0','2016-07-15') [ RunTime:0.0005s ]

[ 2016-07-06T23:52:25+08:00 ] ::1 /thinkphp/hp/index.php/Home/Doctor/dataImport
INFO: [ app_init ] --START--
INFO: Run Behavior\BuildLiteBehavior [ RunTime:0.000021s ]
INFO: [ app_init ] --END-- [ RunTime:0.000536s ]
INFO: [ app_begin ] --START--
INFO: Run Behavior\ReadHtmlCacheBehavior [ RunTime:0.000593s ]
INFO: [ app_begin ] --END-- [ RunTime:0.000669s ]
NOTIC: [8] Use of undefined constant CONTROLLER - assumed 'CONTROLLER' /Applications/MAMP/htdocs/thinkphp/hp/Home/Controller/DoctorController.class.php 第 13 行.
SQL: SHOW COLUMNS FROM `sw_study` [ RunTime:0.0042s ]
NOTIC: [8] Undefined index: validate /Applications/MAMP/htdocs/thinkphp/ThinkPHP/Library/Think/Model.class.php 第 1185 行.
NOTIC: [8] Undefined index: auto /Applications/MAMP/htdocs/thinkphp/ThinkPHP/Library/Think/Model.class.php 第 1128 行.
SQL: INSERT INTO `sw_study` (`badResponse`,`id`,`times`,`phoneNumber`,`sex`,`age`,`gastroscope`,`province`,`city`,`district`,`inclination`,`carbonType`,`carbon`,`germ`,`drugSensitive`,`clarithromycin`,`levofloxacin`,`tetracycline`,`metronidazole`,`otherResult`,`PPIdxtype`,`perscription`,`antibioticA`,`doseA`,`sourceA`,`antibioticB`,`doseB`,`sourceB`,`PPI`,`dosePPI`,`sourcePPI`,`bismuth`,`dosebismuth`,`sourcebismuth`,`othelrperscription`,`doseOther`,`sourceOther`,`firstTimeType`,`firstTimeResult`,`firstTimeDate`,`secondTimeType`,`secondTimeResult`,`secondTimeDate`) VALUES ('2,3','0','0','18688821396','0','12','1','辽宁','大连','西岗区','0','0','0','0','0','0','0','0','0','0','0','0','0','1','0','0','1','0','0','1','0','0','','0','0','','0','0','0','2016-06-30','0','0','2016-07-15') [ RunTime:0.0009s ]

