[ 2016-07-07T00:01:41+08:00 ] ::1 /thinkphp/hp/index.php/Home/Doctor/dataImport
INFO: [ app_init ] --START--
INFO: Run Behavior\BuildLiteBehavior [ RunTime:0.000067s ]
INFO: [ app_init ] --END-- [ RunTime:0.001980s ]
INFO: [ app_begin ] --START--
INFO: Run Behavior\ReadHtmlCacheBehavior [ RunTime:0.000769s ]
INFO: [ app_begin ] --END-- [ RunTime:0.000843s ]
NOTIC: [8] Use of undefined constant CONTROLLER - assumed 'CONTROLLER' /Applications/MAMP/htdocs/thinkphp/hp/Home/Controller/DoctorController.class.php 第 13 行.
INFO: [ view_parse ] --START--
INFO: [ template_filter ] --START--
INFO: Run Behavior\ContentReplaceBehavior [ RunTime:0.000126s ]
INFO: [ template_filter ] --END-- [ RunTime:0.000200s ]
INFO: Run Behavior\ParseTemplateBehavior [ RunTime:0.022686s ]
INFO: [ view_parse ] --END-- [ RunTime:0.022756s ]
INFO: [ view_filter ] --START--
INFO: Run Behavior\WriteHtmlCacheBehavior [ RunTime:0.000419s ]
INFO: [ view_filter ] --END-- [ RunTime:0.000472s ]
INFO: [ app_end ] --START--
INFO: Run Behavior\ShowPageTraceBehavior [ RunTime:0.000942s ]
INFO: [ app_end ] --END-- [ RunTime:0.001038s ]

[ 2016-07-07T00:02:47+08:00 ] ::1 /thinkphp/hp/index.php/Home/Doctor/dataImport
INFO: [ app_init ] --START--
INFO: Run Behavior\BuildLiteBehavior [ RunTime:0.000013s ]
INFO: [ app_init ] --END-- [ RunTime:0.000331s ]
INFO: [ app_begin ] --START--
INFO: Run Behavior\ReadHtmlCacheBehavior [ RunTime:0.000426s ]
INFO: [ app_begin ] --END-- [ RunTime:0.000479s ]
NOTIC: [8] Use of undefined constant CONTROLLER - assumed 'CONTROLLER' /Applications/MAMP/htdocs/thinkphp/hp/Home/Controller/DoctorController.class.php 第 13 行.
SQL: SHOW COLUMNS FROM `sw_study` [ RunTime:0.0028s ]
NOTIC: [8] Undefined index: validate /Applications/MAMP/htdocs/thinkphp/ThinkPHP/Library/Think/Model.class.php 第 1185 行.
NOTIC: [8] Undefined index: auto /Applications/MAMP/htdocs/thinkphp/ThinkPHP/Library/Think/Model.class.php 第 1128 行.
SQL: INSERT INTO `sw_study` (`badResponse`,`id`,`times`,`phoneNumber`,`sex`,`age`,`nationality`,`occupation`,`gastroscope`,`othergastroscope`,`province`,`city`,`inclination`,`carbonType`,`carbon`,`germ`,`drugSensitive`,`clarithromycin`,`levofloxacin`,`tetracycline`,`metronidazole`,`otherResult`,`PPIdxtype`,`perscription`,`period`,`antibioticA`,`doseA`,`sourceA`,`antibioticB`,`doseB`,`sourceB`,`PPI`,`dosePPI`,`sourcePPI`,`bismuth`,`dosebismuth`,`sourcebismuth`,`othelrperscription`,`doseOther`,`sourceOther`,`firstTimeType`,`firstTimeResult`,`firstTimeDate`,`secondTimeType`,`secondTimeResult`,`secondTimeDate`) VALUES ('1,2,4','0','1','18688821396','0','23','7','4','2','等待','上海','徐汇区','1','14','0','0','0','0','0','0','0','0','0','0','0','0','1','0','0','2','1','0','3','0','0','4','1','0','','0','0','0','2016-07-13','0','0','2016-02-05') [ RunTime:0.0006s ]

