[ 2016-07-11T22:15:05+08:00 ] ::1 /thinkphp/hp/index.php/Home/Doctor/register
WARN: register---------------write测试日志信息，这是警告级别，并且实时写入
[ 2016-07-11T22:15:05+08:00 ] ::1 /thinkphp/hp/index.php/Home/Doctor/register
INFO: [ app_init ] --START--
INFO: Run Behavior\BuildLiteBehavior [ RunTime:0.000029s ]
INFO: [ app_init ] --END-- [ RunTime:0.000859s ]
INFO: [ app_begin ] --START--
INFO: Run Behavior\ReadHtmlCacheBehavior [ RunTime:0.001811s ]
INFO: [ app_begin ] --END-- [ RunTime:0.001963s ]
NOTIC: [8] Use of undefined constant CONTROLLER - assumed 'CONTROLLER' /Applications/MAMP/htdocs/thinkphp/hp/Home/Controller/DoctorController.class.php 第 13 行.
ERR: register--------------record测试日志信息
NOTIC: [8] Undefined index: code /Applications/MAMP/htdocs/thinkphp/hp/Home/Controller/DoctorController.class.php 第 71 行.
NOTIC: [2] file_get_contents(): php_network_getaddresses: getaddrinfo failed: nodename nor servname provided, or not known /Applications/MAMP/htdocs/thinkphp/hp/Home/Controller/DoctorController.class.php 第 73 行.
NOTIC: [2] file_get_contents(https://api.weixin.qq.com/sns/oauth2/access_token?appid=wxfb93bd95a58c1079&amp;secret=d4624c36b6795d1d99dcf0547af5443d&amp;code=&amp;grant_type=authorization_code): failed to open stream: php_network_getaddresses: getaddrinfo failed: nodename nor servname provided, or not known /Applications/MAMP/htdocs/thinkphp/hp/Home/Controller/DoctorController.class.php 第 73 行.
INFO: [ view_parse ] --START--
INFO: [ template_filter ] --START--
INFO: Run Behavior\ContentReplaceBehavior [ RunTime:0.000098s ]
INFO: [ template_filter ] --END-- [ RunTime:0.000187s ]
INFO: Run Behavior\ParseTemplateBehavior [ RunTime:0.016619s ]
INFO: [ view_parse ] --END-- [ RunTime:0.016745s ]
INFO: [ view_filter ] --START--
INFO: Run Behavior\WriteHtmlCacheBehavior [ RunTime:0.000380s ]
INFO: [ view_filter ] --END-- [ RunTime:0.000458s ]
INFO: [ app_end ] --START--
INFO: Run Behavior\ShowPageTraceBehavior [ RunTime:0.001187s ]
INFO: [ app_end ] --END-- [ RunTime:0.001295s ]

[ 2016-07-11T22:15:49+08:00 ] ::1 /thinkphp/hp/index.php/Home/Doctor/register
WARN: register---------------write测试日志信息，这是警告级别，并且实时写入
[ 2016-07-11T22:15:49+08:00 ] ::1 /thinkphp/hp/index.php/Home/Doctor/register
INFO: [ app_init ] --START--
INFO: Run Behavior\BuildLiteBehavior [ RunTime:0.000027s ]
INFO: [ app_init ] --END-- [ RunTime:0.000594s ]
INFO: [ app_begin ] --START--
INFO: Run Behavior\ReadHtmlCacheBehavior [ RunTime:0.000723s ]
INFO: [ app_begin ] --END-- [ RunTime:0.000821s ]
NOTIC: [8] Use of undefined constant CONTROLLER - assumed 'CONTROLLER' /Applications/MAMP/htdocs/thinkphp/hp/Home/Controller/DoctorController.class.php 第 13 行.
ERR: register--------------record测试日志信息
NOTIC: [8] Undefined index: code /Applications/MAMP/htdocs/thinkphp/hp/Home/Controller/DoctorController.class.php 第 71 行.
NOTIC: [2] file_get_contents(): php_network_getaddresses: getaddrinfo failed: nodename nor servname provided, or not known /Applications/MAMP/htdocs/thinkphp/hp/Home/Controller/DoctorController.class.php 第 73 行.
NOTIC: [2] file_get_contents(https://api.weixin.qq.com/sns/oauth2/access_token?appid=wxfb93bd95a58c1079&amp;secret=d4624c36b6795d1d99dcf0547af5443d&amp;code=&amp;grant_type=authorization_code): failed to open stream: php_network_getaddresses: getaddrinfo failed: nodename nor servname provided, or not known /Applications/MAMP/htdocs/thinkphp/hp/Home/Controller/DoctorController.class.php 第 73 行.
INFO: [ view_parse ] --START--
INFO: [ template_filter ] --START--
INFO: Run Behavior\ContentReplaceBehavior [ RunTime:0.000139s ]
INFO: [ template_filter ] --END-- [ RunTime:0.000279s ]
INFO: Run Behavior\ParseTemplateBehavior [ RunTime:0.014034s ]
INFO: [ view_parse ] --END-- [ RunTime:0.014131s ]
INFO: [ view_filter ] --START--
INFO: Run Behavior\WriteHtmlCacheBehavior [ RunTime:0.000206s ]
INFO: [ view_filter ] --END-- [ RunTime:0.000272s ]
INFO: [ app_end ] --START--
INFO: Run Behavior\ShowPageTraceBehavior [ RunTime:0.001421s ]
INFO: [ app_end ] --END-- [ RunTime:0.001522s ]

[ 2016-07-11T22:16:06+08:00 ] ::1 /thinkphp/hp/index.php/Home/Doctor/register
WARN: register---------------write测试日志信息，这是警告级别，并且实时写入
[ 2016-07-11T22:16:06+08:00 ] ::1 /thinkphp/hp/index.php/Home/Doctor/register
INFO: [ app_init ] --START--
INFO: Run Behavior\BuildLiteBehavior [ RunTime:0.000031s ]
INFO: [ app_init ] --END-- [ RunTime:0.001122s ]
INFO: [ app_begin ] --START--
INFO: Run Behavior\ReadHtmlCacheBehavior [ RunTime:0.001334s ]
INFO: [ app_begin ] --END-- [ RunTime:0.001481s ]
NOTIC: [8] Use of undefined constant CONTROLLER - assumed 'CONTROLLER' /Applications/MAMP/htdocs/thinkphp/hp/Home/Controller/DoctorController.class.php 第 13 行.
ERR: register--------------record测试日志信息
NOTIC: [8] Undefined index: code /Applications/MAMP/htdocs/thinkphp/hp/Home/Controller/DoctorController.class.php 第 71 行.
NOTIC: [2] file_get_contents(): php_network_getaddresses: getaddrinfo failed: nodename nor servname provided, or not known /Applications/MAMP/htdocs/thinkphp/hp/Home/Controller/DoctorController.class.php 第 73 行.
NOTIC: [2] file_get_contents(https://api.weixin.qq.com/sns/oauth2/access_token?appid=wxfb93bd95a58c1079&amp;secret=d4624c36b6795d1d99dcf0547af5443d&amp;code=&amp;grant_type=authorization_code): failed to open stream: php_network_getaddresses: getaddrinfo failed: nodename nor servname provided, or not known /Applications/MAMP/htdocs/thinkphp/hp/Home/Controller/DoctorController.class.php 第 73 行.
SQL: SHOW COLUMNS FROM `sw_doctor` [ RunTime:0.0026s ]
NOTIC: [8] Undefined index: validate /Applications/MAMP/htdocs/thinkphp/ThinkPHP/Library/Think/Model.class.php 第 1185 行.
NOTIC: [8] Undefined index: auto /Applications/MAMP/htdocs/thinkphp/ThinkPHP/Library/Think/Model.class.php 第 1128 行.
SQL: INSERT INTO `sw_doctor` (`phoneNumber`,`realName`,`msgCode`,`sex`,`birthday`,`province`,`hospital`,`title`,`mail`,`description`,`cureTime`) VALUES ('11111111111','sssss','dddd','0','','','','','','','') [ RunTime:0.0004s ]

[ 2016-07-11T22:16:08+08:00 ] ::1 /thinkphp/hp/index.php/Home/Doctor/myStudy
INFO: [ app_init ] --START--
INFO: Run Behavior\BuildLiteBehavior [ RunTime:0.000027s ]
INFO: [ app_init ] --END-- [ RunTime:0.001222s ]
INFO: [ app_begin ] --START--
INFO: Run Behavior\ReadHtmlCacheBehavior [ RunTime:0.000453s ]
INFO: [ app_begin ] --END-- [ RunTime:0.000521s ]
NOTIC: [8] Use of undefined constant CONTROLLER - assumed 'CONTROLLER' /Applications/MAMP/htdocs/thinkphp/hp/Home/Controller/DoctorController.class.php 第 13 行.
INFO: [ view_parse ] --START--
INFO: [ template_filter ] --START--
INFO: Run Behavior\ContentReplaceBehavior [ RunTime:0.000125s ]
INFO: [ template_filter ] --END-- [ RunTime:0.000324s ]
INFO: Run Behavior\ParseTemplateBehavior [ RunTime:0.013106s ]
INFO: [ view_parse ] --END-- [ RunTime:0.013245s ]
INFO: [ view_filter ] --START--
INFO: Run Behavior\WriteHtmlCacheBehavior [ RunTime:0.000424s ]
INFO: [ view_filter ] --END-- [ RunTime:0.000529s ]
INFO: [ app_end ] --START--
INFO: Run Behavior\ShowPageTraceBehavior [ RunTime:0.001189s ]
INFO: [ app_end ] --END-- [ RunTime:0.001307s ]

[ 2016-07-11T22:16:10+08:00 ] ::1 /thinkphp/hp/index.php/Home/Doctor/myPatient
INFO: [ app_init ] --START--
INFO: Run Behavior\BuildLiteBehavior [ RunTime:0.000015s ]
INFO: [ app_init ] --END-- [ RunTime:0.000315s ]
INFO: [ app_begin ] --START--
INFO: Run Behavior\ReadHtmlCacheBehavior [ RunTime:0.000410s ]
INFO: [ app_begin ] --END-- [ RunTime:0.000462s ]
NOTIC: [8] Use of undefined constant CONTROLLER - assumed 'CONTROLLER' /Applications/MAMP/htdocs/thinkphp/hp/Home/Controller/DoctorController.class.php 第 13 行.
INFO: [ view_parse ] --START--
INFO: [ template_filter ] --START--
INFO: Run Behavior\ContentReplaceBehavior [ RunTime:0.000055s ]
INFO: [ template_filter ] --END-- [ RunTime:0.000133s ]
INFO: Run Behavior\ParseTemplateBehavior [ RunTime:0.010546s ]
INFO: [ view_parse ] --END-- [ RunTime:0.010608s ]
INFO: [ view_filter ] --START--
INFO: Run Behavior\WriteHtmlCacheBehavior [ RunTime:0.000168s ]
INFO: [ view_filter ] --END-- [ RunTime:0.000227s ]
INFO: [ app_end ] --START--
INFO: Run Behavior\ShowPageTraceBehavior [ RunTime:0.000852s ]
INFO: [ app_end ] --END-- [ RunTime:0.000968s ]

