[ 2016-06-29T01:41:57+08:00 ] ::1 /thinkphp/hp/index.php/Home/Patient/login
WARN: write测试日志信息，这是警告级别，并且实时写入
[ 2016-06-29T01:41:58+08:00 ] ::1 /thinkphp/hp/index.php/Home/Patient/login
INFO: [ app_init ] --START--
INFO: Run Behavior\BuildLiteBehavior [ RunTime:0.000022s ]
INFO: [ app_init ] --END-- [ RunTime:0.002217s ]
INFO: [ app_begin ] --START--
INFO: Run Behavior\ReadHtmlCacheBehavior [ RunTime:0.000839s ]
INFO: [ app_begin ] --END-- [ RunTime:0.000935s ]
NOTIC: [8] Use of undefined constant CONTROLLER - assumed 'CONTROLLER' /Applications/MAMP/htdocs/thinkphp/hp/Home/Controller/PatientController.class.php 第 14 行.
NOTIC: [8] Use of undefined constant OAURL_CODE - assumed 'OAURL_CODE' /Applications/MAMP/htdocs/thinkphp/hp/Home/Controller/PatientController.class.php 第 15 行.
NOTIC: [8] Use of undefined constant OAURL_ACCESS_TOKEN - assumed 'OAURL_ACCESS_TOKEN' /Applications/MAMP/htdocs/thinkphp/hp/Home/Controller/PatientController.class.php 第 16 行.
NOTIC: [8] Use of undefined constant appId - assumed 'appId' /Applications/MAMP/htdocs/thinkphp/hp/Home/Controller/PatientController.class.php 第 18 行.
NOTIC: [8] Use of undefined constant appsecret - assumed 'appsecret' /Applications/MAMP/htdocs/thinkphp/hp/Home/Controller/PatientController.class.php 第 19 行.
INFO: [ view_parse ] --START--
INFO: [ template_filter ] --START--
INFO: Run Behavior\ContentReplaceBehavior [ RunTime:0.000083s ]
INFO: [ template_filter ] --END-- [ RunTime:0.000164s ]
INFO: Run Behavior\ParseTemplateBehavior [ RunTime:0.014265s ]
INFO: [ view_parse ] --END-- [ RunTime:0.014939s ]
INFO: [ view_filter ] --START--
INFO: Run Behavior\WriteHtmlCacheBehavior [ RunTime:0.000405s ]
INFO: [ view_filter ] --END-- [ RunTime:0.000465s ]
NOTIC: [2] Cannot modify header information - headers already sent by (output started at /Applications/MAMP/htdocs/thinkphp/hp/Home/Controller/PatientController.class.php:29) /Applications/MAMP/htdocs/thinkphp/ThinkPHP/Library/Think/View.class.php 第 91 行.
NOTIC: [2] Cannot modify header information - headers already sent by (output started at /Applications/MAMP/htdocs/thinkphp/hp/Home/Controller/PatientController.class.php:29) /Applications/MAMP/htdocs/thinkphp/ThinkPHP/Library/Think/View.class.php 第 92 行.
NOTIC: [2] Cannot modify header information - headers already sent by (output started at /Applications/MAMP/htdocs/thinkphp/hp/Home/Controller/PatientController.class.php:29) /Applications/MAMP/htdocs/thinkphp/ThinkPHP/Library/Think/View.class.php 第 93 行.
ERR: record测试日志信息
NOTIC: [8] Undefined index: code /Applications/MAMP/htdocs/thinkphp/hp/Home/Controller/PatientController.class.php 第 36 行.
INFO: [ app_end ] --START--
INFO: Run Behavior\ShowPageTraceBehavior [ RunTime:0.001256s ]
INFO: [ app_end ] --END-- [ RunTime:0.001400s ]

[ 2016-06-29T01:42:21+08:00 ] ::1 /thinkphp/hp/index.php/Home/Patient/login
WARN: write测试日志信息，这是警告级别，并且实时写入
[ 2016-06-29T01:42:21+08:00 ] ::1 /thinkphp/hp/index.php/Home/Patient/login
INFO: [ app_init ] --START--
INFO: Run Behavior\BuildLiteBehavior [ RunTime:0.000026s ]
INFO: [ app_init ] --END-- [ RunTime:0.000942s ]
INFO: [ app_begin ] --START--
INFO: Run Behavior\ReadHtmlCacheBehavior [ RunTime:0.000643s ]
INFO: [ app_begin ] --END-- [ RunTime:0.000749s ]
NOTIC: [8] Use of undefined constant CONTROLLER - assumed 'CONTROLLER' /Applications/MAMP/htdocs/thinkphp/hp/Home/Controller/PatientController.class.php 第 14 行.
NOTIC: [8] Use of undefined constant OAURL_CODE - assumed 'OAURL_CODE' /Applications/MAMP/htdocs/thinkphp/hp/Home/Controller/PatientController.class.php 第 15 行.
NOTIC: [8] Use of undefined constant OAURL_ACCESS_TOKEN - assumed 'OAURL_ACCESS_TOKEN' /Applications/MAMP/htdocs/thinkphp/hp/Home/Controller/PatientController.class.php 第 16 行.
NOTIC: [8] Use of undefined constant appId - assumed 'appId' /Applications/MAMP/htdocs/thinkphp/hp/Home/Controller/PatientController.class.php 第 18 行.
NOTIC: [8] Use of undefined constant appsecret - assumed 'appsecret' /Applications/MAMP/htdocs/thinkphp/hp/Home/Controller/PatientController.class.php 第 19 行.
INFO: [ view_parse ] --START--
INFO: [ template_filter ] --START--
INFO: Run Behavior\ContentReplaceBehavior [ RunTime:0.000073s ]
INFO: [ template_filter ] --END-- [ RunTime:0.000144s ]
INFO: Run Behavior\ParseTemplateBehavior [ RunTime:0.011727s ]
INFO: [ view_parse ] --END-- [ RunTime:0.011885s ]
INFO: [ view_filter ] --START--
INFO: Run Behavior\WriteHtmlCacheBehavior [ RunTime:0.000192s ]
INFO: [ view_filter ] --END-- [ RunTime:0.000251s ]
ERR: record测试日志信息
NOTIC: [8] Undefined index: code /Applications/MAMP/htdocs/thinkphp/hp/Home/Controller/PatientController.class.php 第 36 行.
INFO: [ app_end ] --START--
INFO: Run Behavior\ShowPageTraceBehavior [ RunTime:0.000811s ]
INFO: [ app_end ] --END-- [ RunTime:0.001133s ]

[ 2016-06-29T01:43:55+08:00 ] ::1 /thinkphp/hp/index.php/Home/Patient/send
INFO: [ app_init ] --START--
INFO: Run Behavior\BuildLiteBehavior [ RunTime:0.000026s ]
INFO: [ app_init ] --END-- [ RunTime:0.000704s ]
INFO: [ app_begin ] --START--
INFO: Run Behavior\ReadHtmlCacheBehavior [ RunTime:0.000838s ]
INFO: [ app_begin ] --END-- [ RunTime:0.000934s ]
NOTIC: [8] Use of undefined constant CONTROLLER - assumed 'CONTROLLER' /Applications/MAMP/htdocs/thinkphp/hp/Home/Controller/PatientController.class.php 第 14 行.
NOTIC: [8] Use of undefined constant OAURL_CODE - assumed 'OAURL_CODE' /Applications/MAMP/htdocs/thinkphp/hp/Home/Controller/PatientController.class.php 第 15 行.
NOTIC: [8] Use of undefined constant OAURL_ACCESS_TOKEN - assumed 'OAURL_ACCESS_TOKEN' /Applications/MAMP/htdocs/thinkphp/hp/Home/Controller/PatientController.class.php 第 16 行.
NOTIC: [8] Use of undefined constant appId - assumed 'appId' /Applications/MAMP/htdocs/thinkphp/hp/Home/Controller/PatientController.class.php 第 18 行.
NOTIC: [8] Use of undefined constant appsecret - assumed 'appsecret' /Applications/MAMP/htdocs/thinkphp/hp/Home/Controller/PatientController.class.php 第 19 行.
ERR: SQLSTATE[HY000] [1049] Unknown database 'hp'

[ 2016-06-29T01:44:21+08:00 ] ::1 /thinkphp/hp/index.php/Home/Patient/send
INFO: [ app_init ] --START--
INFO: Run Behavior\BuildLiteBehavior [ RunTime:0.000036s ]
INFO: [ app_init ] --END-- [ RunTime:0.001006s ]
INFO: [ app_begin ] --START--
INFO: Run Behavior\ReadHtmlCacheBehavior [ RunTime:0.001220s ]
INFO: [ app_begin ] --END-- [ RunTime:0.001427s ]
NOTIC: [8] Use of undefined constant CONTROLLER - assumed 'CONTROLLER' /Applications/MAMP/htdocs/thinkphp/hp/Home/Controller/PatientController.class.php 第 14 行.
NOTIC: [8] Use of undefined constant OAURL_CODE - assumed 'OAURL_CODE' /Applications/MAMP/htdocs/thinkphp/hp/Home/Controller/PatientController.class.php 第 15 行.
NOTIC: [8] Use of undefined constant OAURL_ACCESS_TOKEN - assumed 'OAURL_ACCESS_TOKEN' /Applications/MAMP/htdocs/thinkphp/hp/Home/Controller/PatientController.class.php 第 16 行.
NOTIC: [8] Use of undefined constant appId - assumed 'appId' /Applications/MAMP/htdocs/thinkphp/hp/Home/Controller/PatientController.class.php 第 18 行.
NOTIC: [8] Use of undefined constant appsecret - assumed 'appsecret' /Applications/MAMP/htdocs/thinkphp/hp/Home/Controller/PatientController.class.php 第 19 行.
ERR: SQLSTATE[HY000] [1049] Unknown database 'hp'

[ 2016-06-29T01:44:22+08:00 ] ::1 /thinkphp/hp/index.php/Home/Patient/send
INFO: [ app_init ] --START--
INFO: Run Behavior\BuildLiteBehavior [ RunTime:0.000022s ]
INFO: [ app_init ] --END-- [ RunTime:0.000495s ]
INFO: [ app_begin ] --START--
INFO: Run Behavior\ReadHtmlCacheBehavior [ RunTime:0.000435s ]
INFO: [ app_begin ] --END-- [ RunTime:0.000493s ]
NOTIC: [8] Use of undefined constant CONTROLLER - assumed 'CONTROLLER' /Applications/MAMP/htdocs/thinkphp/hp/Home/Controller/PatientController.class.php 第 14 行.
NOTIC: [8] Use of undefined constant OAURL_CODE - assumed 'OAURL_CODE' /Applications/MAMP/htdocs/thinkphp/hp/Home/Controller/PatientController.class.php 第 15 行.
NOTIC: [8] Use of undefined constant OAURL_ACCESS_TOKEN - assumed 'OAURL_ACCESS_TOKEN' /Applications/MAMP/htdocs/thinkphp/hp/Home/Controller/PatientController.class.php 第 16 行.
NOTIC: [8] Use of undefined constant appId - assumed 'appId' /Applications/MAMP/htdocs/thinkphp/hp/Home/Controller/PatientController.class.php 第 18 行.
NOTIC: [8] Use of undefined constant appsecret - assumed 'appsecret' /Applications/MAMP/htdocs/thinkphp/hp/Home/Controller/PatientController.class.php 第 19 行.
ERR: SQLSTATE[HY000] [1049] Unknown database 'hp'

[ 2016-06-29T01:44:22+08:00 ] ::1 /thinkphp/hp/index.php/Home/Patient/send
INFO: [ app_init ] --START--
INFO: Run Behavior\BuildLiteBehavior [ RunTime:0.000030s ]
INFO: [ app_init ] --END-- [ RunTime:0.000555s ]
INFO: [ app_begin ] --START--
INFO: Run Behavior\ReadHtmlCacheBehavior [ RunTime:0.000748s ]
INFO: [ app_begin ] --END-- [ RunTime:0.000876s ]
NOTIC: [8] Use of undefined constant CONTROLLER - assumed 'CONTROLLER' /Applications/MAMP/htdocs/thinkphp/hp/Home/Controller/PatientController.class.php 第 14 行.
NOTIC: [8] Use of undefined constant OAURL_CODE - assumed 'OAURL_CODE' /Applications/MAMP/htdocs/thinkphp/hp/Home/Controller/PatientController.class.php 第 15 行.
NOTIC: [8] Use of undefined constant OAURL_ACCESS_TOKEN - assumed 'OAURL_ACCESS_TOKEN' /Applications/MAMP/htdocs/thinkphp/hp/Home/Controller/PatientController.class.php 第 16 行.
NOTIC: [8] Use of undefined constant appId - assumed 'appId' /Applications/MAMP/htdocs/thinkphp/hp/Home/Controller/PatientController.class.php 第 18 行.
NOTIC: [8] Use of undefined constant appsecret - assumed 'appsecret' /Applications/MAMP/htdocs/thinkphp/hp/Home/Controller/PatientController.class.php 第 19 行.
ERR: SQLSTATE[HY000] [1049] Unknown database 'hp'

[ 2016-06-29T01:44:23+08:00 ] ::1 /thinkphp/hp/index.php/Home/Patient/send
INFO: [ app_init ] --START--
INFO: Run Behavior\BuildLiteBehavior [ RunTime:0.000014s ]
INFO: [ app_init ] --END-- [ RunTime:0.000312s ]
INFO: [ app_begin ] --START--
INFO: Run Behavior\ReadHtmlCacheBehavior [ RunTime:0.000439s ]
INFO: [ app_begin ] --END-- [ RunTime:0.000497s ]
NOTIC: [8] Use of undefined constant CONTROLLER - assumed 'CONTROLLER' /Applications/MAMP/htdocs/thinkphp/hp/Home/Controller/PatientController.class.php 第 14 行.
NOTIC: [8] Use of undefined constant OAURL_CODE - assumed 'OAURL_CODE' /Applications/MAMP/htdocs/thinkphp/hp/Home/Controller/PatientController.class.php 第 15 行.
NOTIC: [8] Use of undefined constant OAURL_ACCESS_TOKEN - assumed 'OAURL_ACCESS_TOKEN' /Applications/MAMP/htdocs/thinkphp/hp/Home/Controller/PatientController.class.php 第 16 行.
NOTIC: [8] Use of undefined constant appId - assumed 'appId' /Applications/MAMP/htdocs/thinkphp/hp/Home/Controller/PatientController.class.php 第 18 行.
NOTIC: [8] Use of undefined constant appsecret - assumed 'appsecret' /Applications/MAMP/htdocs/thinkphp/hp/Home/Controller/PatientController.class.php 第 19 行.
ERR: SQLSTATE[HY000] [1049] Unknown database 'hp'

[ 2016-06-29T01:44:23+08:00 ] ::1 /thinkphp/hp/index.php/Home/Patient/send
INFO: [ app_init ] --START--
INFO: Run Behavior\BuildLiteBehavior [ RunTime:0.000029s ]
INFO: [ app_init ] --END-- [ RunTime:0.000594s ]
INFO: [ app_begin ] --START--
INFO: Run Behavior\ReadHtmlCacheBehavior [ RunTime:0.000754s ]
INFO: [ app_begin ] --END-- [ RunTime:0.000892s ]
NOTIC: [8] Use of undefined constant CONTROLLER - assumed 'CONTROLLER' /Applications/MAMP/htdocs/thinkphp/hp/Home/Controller/PatientController.class.php 第 14 行.
NOTIC: [8] Use of undefined constant OAURL_CODE - assumed 'OAURL_CODE' /Applications/MAMP/htdocs/thinkphp/hp/Home/Controller/PatientController.class.php 第 15 行.
NOTIC: [8] Use of undefined constant OAURL_ACCESS_TOKEN - assumed 'OAURL_ACCESS_TOKEN' /Applications/MAMP/htdocs/thinkphp/hp/Home/Controller/PatientController.class.php 第 16 行.
NOTIC: [8] Use of undefined constant appId - assumed 'appId' /Applications/MAMP/htdocs/thinkphp/hp/Home/Controller/PatientController.class.php 第 18 行.
NOTIC: [8] Use of undefined constant appsecret - assumed 'appsecret' /Applications/MAMP/htdocs/thinkphp/hp/Home/Controller/PatientController.class.php 第 19 行.
ERR: SQLSTATE[HY000] [1049] Unknown database 'hp'

[ 2016-06-29T01:44:23+08:00 ] ::1 /thinkphp/hp/index.php/Home/Patient/send
INFO: [ app_init ] --START--
INFO: Run Behavior\BuildLiteBehavior [ RunTime:0.000014s ]
INFO: [ app_init ] --END-- [ RunTime:0.000312s ]
INFO: [ app_begin ] --START--
INFO: Run Behavior\ReadHtmlCacheBehavior [ RunTime:0.000394s ]
INFO: [ app_begin ] --END-- [ RunTime:0.000471s ]
NOTIC: [8] Use of undefined constant CONTROLLER - assumed 'CONTROLLER' /Applications/MAMP/htdocs/thinkphp/hp/Home/Controller/PatientController.class.php 第 14 行.
NOTIC: [8] Use of undefined constant OAURL_CODE - assumed 'OAURL_CODE' /Applications/MAMP/htdocs/thinkphp/hp/Home/Controller/PatientController.class.php 第 15 行.
NOTIC: [8] Use of undefined constant OAURL_ACCESS_TOKEN - assumed 'OAURL_ACCESS_TOKEN' /Applications/MAMP/htdocs/thinkphp/hp/Home/Controller/PatientController.class.php 第 16 行.
NOTIC: [8] Use of undefined constant appId - assumed 'appId' /Applications/MAMP/htdocs/thinkphp/hp/Home/Controller/PatientController.class.php 第 18 行.
NOTIC: [8] Use of undefined constant appsecret - assumed 'appsecret' /Applications/MAMP/htdocs/thinkphp/hp/Home/Controller/PatientController.class.php 第 19 行.
ERR: SQLSTATE[HY000] [1049] Unknown database 'hp'

[ 2016-06-29T01:44:23+08:00 ] ::1 /thinkphp/hp/index.php/Home/Patient/send
INFO: [ app_init ] --START--
INFO: Run Behavior\BuildLiteBehavior [ RunTime:0.000026s ]
INFO: [ app_init ] --END-- [ RunTime:0.000548s ]
INFO: [ app_begin ] --START--
INFO: Run Behavior\ReadHtmlCacheBehavior [ RunTime:0.000699s ]
INFO: [ app_begin ] --END-- [ RunTime:0.000778s ]
NOTIC: [8] Use of undefined constant CONTROLLER - assumed 'CONTROLLER' /Applications/MAMP/htdocs/thinkphp/hp/Home/Controller/PatientController.class.php 第 14 行.
NOTIC: [8] Use of undefined constant OAURL_CODE - assumed 'OAURL_CODE' /Applications/MAMP/htdocs/thinkphp/hp/Home/Controller/PatientController.class.php 第 15 行.
NOTIC: [8] Use of undefined constant OAURL_ACCESS_TOKEN - assumed 'OAURL_ACCESS_TOKEN' /Applications/MAMP/htdocs/thinkphp/hp/Home/Controller/PatientController.class.php 第 16 行.
NOTIC: [8] Use of undefined constant appId - assumed 'appId' /Applications/MAMP/htdocs/thinkphp/hp/Home/Controller/PatientController.class.php 第 18 行.
NOTIC: [8] Use of undefined constant appsecret - assumed 'appsecret' /Applications/MAMP/htdocs/thinkphp/hp/Home/Controller/PatientController.class.php 第 19 行.
ERR: SQLSTATE[HY000] [1049] Unknown database 'hp'

[ 2016-06-29T01:44:23+08:00 ] ::1 /thinkphp/hp/index.php/Home/Patient/send
INFO: [ app_init ] --START--
INFO: Run Behavior\BuildLiteBehavior [ RunTime:0.000014s ]
INFO: [ app_init ] --END-- [ RunTime:0.000307s ]
INFO: [ app_begin ] --START--
INFO: Run Behavior\ReadHtmlCacheBehavior [ RunTime:0.000392s ]
INFO: [ app_begin ] --END-- [ RunTime:0.000442s ]
NOTIC: [8] Use of undefined constant CONTROLLER - assumed 'CONTROLLER' /Applications/MAMP/htdocs/thinkphp/hp/Home/Controller/PatientController.class.php 第 14 行.
NOTIC: [8] Use of undefined constant OAURL_CODE - assumed 'OAURL_CODE' /Applications/MAMP/htdocs/thinkphp/hp/Home/Controller/PatientController.class.php 第 15 行.
NOTIC: [8] Use of undefined constant OAURL_ACCESS_TOKEN - assumed 'OAURL_ACCESS_TOKEN' /Applications/MAMP/htdocs/thinkphp/hp/Home/Controller/PatientController.class.php 第 16 行.
NOTIC: [8] Use of undefined constant appId - assumed 'appId' /Applications/MAMP/htdocs/thinkphp/hp/Home/Controller/PatientController.class.php 第 18 行.
NOTIC: [8] Use of undefined constant appsecret - assumed 'appsecret' /Applications/MAMP/htdocs/thinkphp/hp/Home/Controller/PatientController.class.php 第 19 行.
ERR: SQLSTATE[HY000] [1049] Unknown database 'hp'

[ 2016-06-29T01:44:24+08:00 ] ::1 /thinkphp/hp/index.php/Home/Patient/send
INFO: [ app_init ] --START--
INFO: Run Behavior\BuildLiteBehavior [ RunTime:0.000018s ]
INFO: [ app_init ] --END-- [ RunTime:0.000393s ]
INFO: [ app_begin ] --START--
INFO: Run Behavior\ReadHtmlCacheBehavior [ RunTime:0.000404s ]
INFO: [ app_begin ] --END-- [ RunTime:0.000455s ]
NOTIC: [8] Use of undefined constant CONTROLLER - assumed 'CONTROLLER' /Applications/MAMP/htdocs/thinkphp/hp/Home/Controller/PatientController.class.php 第 14 行.
NOTIC: [8] Use of undefined constant OAURL_CODE - assumed 'OAURL_CODE' /Applications/MAMP/htdocs/thinkphp/hp/Home/Controller/PatientController.class.php 第 15 行.
NOTIC: [8] Use of undefined constant OAURL_ACCESS_TOKEN - assumed 'OAURL_ACCESS_TOKEN' /Applications/MAMP/htdocs/thinkphp/hp/Home/Controller/PatientController.class.php 第 16 行.
NOTIC: [8] Use of undefined constant appId - assumed 'appId' /Applications/MAMP/htdocs/thinkphp/hp/Home/Controller/PatientController.class.php 第 18 行.
NOTIC: [8] Use of undefined constant appsecret - assumed 'appsecret' /Applications/MAMP/htdocs/thinkphp/hp/Home/Controller/PatientController.class.php 第 19 行.
ERR: SQLSTATE[HY000] [1049] Unknown database 'hp'

[ 2016-06-29T01:44:44+08:00 ] ::1 /thinkphp/hp/index.php/Home/Patient/send
INFO: [ app_init ] --START--
INFO: Run Behavior\BuildLiteBehavior [ RunTime:0.000021s ]
INFO: [ app_init ] --END-- [ RunTime:0.000475s ]
INFO: [ app_begin ] --START--
INFO: Run Behavior\ReadHtmlCacheBehavior [ RunTime:0.000588s ]
INFO: [ app_begin ] --END-- [ RunTime:0.000658s ]
NOTIC: [8] Use of undefined constant CONTROLLER - assumed 'CONTROLLER' /Applications/MAMP/htdocs/thinkphp/hp/Home/Controller/PatientController.class.php 第 14 行.
NOTIC: [8] Use of undefined constant OAURL_CODE - assumed 'OAURL_CODE' /Applications/MAMP/htdocs/thinkphp/hp/Home/Controller/PatientController.class.php 第 15 行.
NOTIC: [8] Use of undefined constant OAURL_ACCESS_TOKEN - assumed 'OAURL_ACCESS_TOKEN' /Applications/MAMP/htdocs/thinkphp/hp/Home/Controller/PatientController.class.php 第 16 行.
NOTIC: [8] Use of undefined constant appId - assumed 'appId' /Applications/MAMP/htdocs/thinkphp/hp/Home/Controller/PatientController.class.php 第 18 行.
NOTIC: [8] Use of undefined constant appsecret - assumed 'appsecret' /Applications/MAMP/htdocs/thinkphp/hp/Home/Controller/PatientController.class.php 第 19 行.
ERR: SQLSTATE[HY000] [1049] Unknown database 'hp'

[ 2016-06-29T01:45:51+08:00 ] ::1 /thinkphp/hp/index.php/Home/Patient/login
WARN: write测试日志信息，这是警告级别，并且实时写入
[ 2016-06-29T01:45:51+08:00 ] ::1 /thinkphp/hp/index.php/Home/Patient/login
INFO: [ app_init ] --START--
INFO: Run Behavior\BuildLiteBehavior [ RunTime:0.000024s ]
INFO: [ app_init ] --END-- [ RunTime:0.001790s ]
INFO: [ app_begin ] --START--
INFO: Run Behavior\ReadHtmlCacheBehavior [ RunTime:0.000680s ]
INFO: [ app_begin ] --END-- [ RunTime:0.000757s ]
NOTIC: [8] Use of undefined constant CONTROLLER - assumed 'CONTROLLER' /Applications/MAMP/htdocs/thinkphp/hp/Home/Controller/PatientController.class.php 第 14 行.
NOTIC: [8] Use of undefined constant OAURL_CODE - assumed 'OAURL_CODE' /Applications/MAMP/htdocs/thinkphp/hp/Home/Controller/PatientController.class.php 第 15 行.
NOTIC: [8] Use of undefined constant OAURL_ACCESS_TOKEN - assumed 'OAURL_ACCESS_TOKEN' /Applications/MAMP/htdocs/thinkphp/hp/Home/Controller/PatientController.class.php 第 16 行.
NOTIC: [8] Use of undefined constant appId - assumed 'appId' /Applications/MAMP/htdocs/thinkphp/hp/Home/Controller/PatientController.class.php 第 18 行.
NOTIC: [8] Use of undefined constant appsecret - assumed 'appsecret' /Applications/MAMP/htdocs/thinkphp/hp/Home/Controller/PatientController.class.php 第 19 行.
INFO: [ view_parse ] --START--
INFO: [ template_filter ] --START--
INFO: Run Behavior\ContentReplaceBehavior [ RunTime:0.000318s ]
INFO: [ template_filter ] --END-- [ RunTime:0.000410s ]
INFO: Run Behavior\ParseTemplateBehavior [ RunTime:0.012067s ]
INFO: [ view_parse ] --END-- [ RunTime:0.012237s ]
INFO: [ view_filter ] --START--
INFO: Run Behavior\WriteHtmlCacheBehavior [ RunTime:0.000415s ]
INFO: [ view_filter ] --END-- [ RunTime:0.000483s ]
ERR: record测试日志信息
NOTIC: [8] Undefined index: code /Applications/MAMP/htdocs/thinkphp/hp/Home/Controller/PatientController.class.php 第 36 行.
INFO: [ app_end ] --START--
INFO: Run Behavior\ShowPageTraceBehavior [ RunTime:0.001125s ]
INFO: [ app_end ] --END-- [ RunTime:0.001250s ]

[ 2016-06-29T01:46:00+08:00 ] ::1 /thinkphp/hp/index.php/Home/Patient/send
INFO: [ app_init ] --START--
INFO: Run Behavior\BuildLiteBehavior [ RunTime:0.000026s ]
INFO: [ app_init ] --END-- [ RunTime:0.000731s ]
INFO: [ app_begin ] --START--
INFO: Run Behavior\ReadHtmlCacheBehavior [ RunTime:0.000469s ]
INFO: [ app_begin ] --END-- [ RunTime:0.000531s ]
NOTIC: [8] Use of undefined constant CONTROLLER - assumed 'CONTROLLER' /Applications/MAMP/htdocs/thinkphp/hp/Home/Controller/PatientController.class.php 第 14 行.
NOTIC: [8] Use of undefined constant OAURL_CODE - assumed 'OAURL_CODE' /Applications/MAMP/htdocs/thinkphp/hp/Home/Controller/PatientController.class.php 第 15 行.
NOTIC: [8] Use of undefined constant OAURL_ACCESS_TOKEN - assumed 'OAURL_ACCESS_TOKEN' /Applications/MAMP/htdocs/thinkphp/hp/Home/Controller/PatientController.class.php 第 16 行.
NOTIC: [8] Use of undefined constant appId - assumed 'appId' /Applications/MAMP/htdocs/thinkphp/hp/Home/Controller/PatientController.class.php 第 18 行.
NOTIC: [8] Use of undefined constant appsecret - assumed 'appsecret' /Applications/MAMP/htdocs/thinkphp/hp/Home/Controller/PatientController.class.php 第 19 行.
SQL: SHOW COLUMNS FROM `sw_msgcode` [ RunTime:0.0078s ]
SQL: INSERT INTO `sw_msgcode` (`CODE`,`phoneNumber`,`SENDFLAG`,`VALIDTIME`) VALUES ('401603','11111111111','0','2016-06-29 01:51:00') [ RunTime:0.0037s ]
INFO: [ app_end ] --START--
INFO: Run Behavior\ShowPageTraceBehavior [ RunTime:0.000565s ]
INFO: [ app_end ] --END-- [ RunTime:0.000618s ]

[ 2016-06-29T01:46:55+08:00 ] ::1 /thinkphp/hp/index.php/Home/Patient/verifyCode
INFO: [ app_init ] --START--
INFO: Run Behavior\BuildLiteBehavior [ RunTime:0.000071s ]
INFO: [ app_init ] --END-- [ RunTime:0.000953s ]
INFO: [ app_begin ] --START--
INFO: Run Behavior\ReadHtmlCacheBehavior [ RunTime:0.000710s ]
INFO: [ app_begin ] --END-- [ RunTime:0.000795s ]
NOTIC: [8] Use of undefined constant CONTROLLER - assumed 'CONTROLLER' /Applications/MAMP/htdocs/thinkphp/hp/Home/Controller/PatientController.class.php 第 14 行.
NOTIC: [8] Use of undefined constant OAURL_CODE - assumed 'OAURL_CODE' /Applications/MAMP/htdocs/thinkphp/hp/Home/Controller/PatientController.class.php 第 15 行.
NOTIC: [8] Use of undefined constant OAURL_ACCESS_TOKEN - assumed 'OAURL_ACCESS_TOKEN' /Applications/MAMP/htdocs/thinkphp/hp/Home/Controller/PatientController.class.php 第 16 行.
NOTIC: [8] Use of undefined constant appId - assumed 'appId' /Applications/MAMP/htdocs/thinkphp/hp/Home/Controller/PatientController.class.php 第 18 行.
NOTIC: [8] Use of undefined constant appsecret - assumed 'appsecret' /Applications/MAMP/htdocs/thinkphp/hp/Home/Controller/PatientController.class.php 第 19 行.
SQL: SHOW COLUMNS FROM `sw_msgcode` [ RunTime:0.0019s ]
SQL: SELECT * FROM `sw_msgcode` WHERE ( status=0 AND phoneNumber=11111111111 ) ORDER BY CREATETIME desc LIMIT 1   [ RunTime:0.0023s ]
NOTIC: [8] Use of undefined constant code - assumed 'code' /Applications/MAMP/htdocs/thinkphp/hp/Home/Controller/PatientController.class.php 第 190 行.
NOTIC: [2] Cannot modify header information - headers already sent by (output started at /Applications/MAMP/htdocs/thinkphp/hp/Home/Controller/PatientController.class.php:204) /Applications/MAMP/htdocs/thinkphp/ThinkPHP/Library/Think/Controller.class.php 第 215 行.

[ 2016-06-29T01:48:00+08:00 ] ::1 /thinkphp/hp/index.php/Home/Patient/verifyCode
INFO: [ app_init ] --START--
INFO: Run Behavior\BuildLiteBehavior [ RunTime:0.000029s ]
INFO: [ app_init ] --END-- [ RunTime:0.000809s ]
INFO: [ app_begin ] --START--
INFO: Run Behavior\ReadHtmlCacheBehavior [ RunTime:0.000794s ]
INFO: [ app_begin ] --END-- [ RunTime:0.000880s ]
NOTIC: [8] Use of undefined constant CONTROLLER - assumed 'CONTROLLER' /Applications/MAMP/htdocs/thinkphp/hp/Home/Controller/PatientController.class.php 第 14 行.
NOTIC: [8] Use of undefined constant OAURL_CODE - assumed 'OAURL_CODE' /Applications/MAMP/htdocs/thinkphp/hp/Home/Controller/PatientController.class.php 第 15 行.
NOTIC: [8] Use of undefined constant OAURL_ACCESS_TOKEN - assumed 'OAURL_ACCESS_TOKEN' /Applications/MAMP/htdocs/thinkphp/hp/Home/Controller/PatientController.class.php 第 16 行.
NOTIC: [8] Use of undefined constant appId - assumed 'appId' /Applications/MAMP/htdocs/thinkphp/hp/Home/Controller/PatientController.class.php 第 18 行.
NOTIC: [8] Use of undefined constant appsecret - assumed 'appsecret' /Applications/MAMP/htdocs/thinkphp/hp/Home/Controller/PatientController.class.php 第 19 行.
SQL: SHOW COLUMNS FROM `sw_msgcode` [ RunTime:0.0014s ]
SQL: SELECT * FROM `sw_msgcode` WHERE ( status=0 AND phoneNumber=11111111111 ) ORDER BY CREATETIME desc LIMIT 1   [ RunTime:0.0003s ]
NOTIC: [8] Use of undefined constant code - assumed 'code' /Applications/MAMP/htdocs/thinkphp/hp/Home/Controller/PatientController.class.php 第 190 行.
NOTIC: [2] Cannot modify header information - headers already sent by (output started at /Applications/MAMP/htdocs/thinkphp/hp/Home/Controller/PatientController.class.php:204) /Applications/MAMP/htdocs/thinkphp/ThinkPHP/Library/Think/Controller.class.php 第 215 行.

[ 2016-06-29T01:48:03+08:00 ] ::1 /thinkphp/hp/index.php/Home/Patient/verifyCode
INFO: [ app_init ] --START--
INFO: Run Behavior\BuildLiteBehavior [ RunTime:0.000013s ]
INFO: [ app_init ] --END-- [ RunTime:0.000332s ]
INFO: [ app_begin ] --START--
INFO: Run Behavior\ReadHtmlCacheBehavior [ RunTime:0.000408s ]
INFO: [ app_begin ] --END-- [ RunTime:0.000455s ]
NOTIC: [8] Use of undefined constant CONTROLLER - assumed 'CONTROLLER' /Applications/MAMP/htdocs/thinkphp/hp/Home/Controller/PatientController.class.php 第 14 行.
NOTIC: [8] Use of undefined constant OAURL_CODE - assumed 'OAURL_CODE' /Applications/MAMP/htdocs/thinkphp/hp/Home/Controller/PatientController.class.php 第 15 行.
NOTIC: [8] Use of undefined constant OAURL_ACCESS_TOKEN - assumed 'OAURL_ACCESS_TOKEN' /Applications/MAMP/htdocs/thinkphp/hp/Home/Controller/PatientController.class.php 第 16 行.
NOTIC: [8] Use of undefined constant appId - assumed 'appId' /Applications/MAMP/htdocs/thinkphp/hp/Home/Controller/PatientController.class.php 第 18 行.
NOTIC: [8] Use of undefined constant appsecret - assumed 'appsecret' /Applications/MAMP/htdocs/thinkphp/hp/Home/Controller/PatientController.class.php 第 19 行.
SQL: SHOW COLUMNS FROM `sw_msgcode` [ RunTime:0.0020s ]
SQL: SELECT * FROM `sw_msgcode` WHERE ( status=0 AND phoneNumber=11111111111 ) ORDER BY CREATETIME desc LIMIT 1   [ RunTime:0.0004s ]
NOTIC: [8] Use of undefined constant code - assumed 'code' /Applications/MAMP/htdocs/thinkphp/hp/Home/Controller/PatientController.class.php 第 190 行.
NOTIC: [2] Cannot modify header information - headers already sent by (output started at /Applications/MAMP/htdocs/thinkphp/hp/Home/Controller/PatientController.class.php:204) /Applications/MAMP/htdocs/thinkphp/ThinkPHP/Library/Think/Controller.class.php 第 215 行.

[ 2016-06-29T01:51:39+08:00 ] ::1 /thinkphp/hp/index.php/Home/Patient/verifyCode
INFO: [ app_init ] --START--
INFO: Run Behavior\BuildLiteBehavior [ RunTime:0.000022s ]
INFO: [ app_init ] --END-- [ RunTime:0.000697s ]
INFO: [ app_begin ] --START--
INFO: Run Behavior\ReadHtmlCacheBehavior [ RunTime:0.000793s ]
INFO: [ app_begin ] --END-- [ RunTime:0.000870s ]
NOTIC: [8] Use of undefined constant CONTROLLER - assumed 'CONTROLLER' /Applications/MAMP/htdocs/thinkphp/hp/Home/Controller/PatientController.class.php 第 14 行.
NOTIC: [8] Use of undefined constant OAURL_CODE - assumed 'OAURL_CODE' /Applications/MAMP/htdocs/thinkphp/hp/Home/Controller/PatientController.class.php 第 15 行.
NOTIC: [8] Use of undefined constant OAURL_ACCESS_TOKEN - assumed 'OAURL_ACCESS_TOKEN' /Applications/MAMP/htdocs/thinkphp/hp/Home/Controller/PatientController.class.php 第 16 行.
NOTIC: [8] Use of undefined constant appId - assumed 'appId' /Applications/MAMP/htdocs/thinkphp/hp/Home/Controller/PatientController.class.php 第 18 行.
NOTIC: [8] Use of undefined constant appsecret - assumed 'appsecret' /Applications/MAMP/htdocs/thinkphp/hp/Home/Controller/PatientController.class.php 第 19 行.
SQL: SHOW COLUMNS FROM `sw_msgcode` [ RunTime:0.0011s ]
SQL: SELECT * FROM `sw_msgcode` WHERE ( status=0 AND phoneNumber=11111111111 ) ORDER BY CREATETIME desc LIMIT 1   [ RunTime:0.0003s ]
NOTIC: [2] Cannot modify header information - headers already sent by (output started at /Applications/MAMP/htdocs/thinkphp/hp/Home/Controller/PatientController.class.php:204) /Applications/MAMP/htdocs/thinkphp/ThinkPHP/Library/Think/Controller.class.php 第 215 行.

[ 2016-06-29T01:51:52+08:00 ] ::1 /thinkphp/hp/index.php/Home/Patient/verifyCode
INFO: [ app_init ] --START--
INFO: Run Behavior\BuildLiteBehavior [ RunTime:0.000019s ]
INFO: [ app_init ] --END-- [ RunTime:0.000432s ]
INFO: [ app_begin ] --START--
INFO: Run Behavior\ReadHtmlCacheBehavior [ RunTime:0.000507s ]
INFO: [ app_begin ] --END-- [ RunTime:0.000567s ]
NOTIC: [8] Use of undefined constant CONTROLLER - assumed 'CONTROLLER' /Applications/MAMP/htdocs/thinkphp/hp/Home/Controller/PatientController.class.php 第 14 行.
NOTIC: [8] Use of undefined constant OAURL_CODE - assumed 'OAURL_CODE' /Applications/MAMP/htdocs/thinkphp/hp/Home/Controller/PatientController.class.php 第 15 行.
NOTIC: [8] Use of undefined constant OAURL_ACCESS_TOKEN - assumed 'OAURL_ACCESS_TOKEN' /Applications/MAMP/htdocs/thinkphp/hp/Home/Controller/PatientController.class.php 第 16 行.
NOTIC: [8] Use of undefined constant appId - assumed 'appId' /Applications/MAMP/htdocs/thinkphp/hp/Home/Controller/PatientController.class.php 第 18 行.
NOTIC: [8] Use of undefined constant appsecret - assumed 'appsecret' /Applications/MAMP/htdocs/thinkphp/hp/Home/Controller/PatientController.class.php 第 19 行.
SQL: SHOW COLUMNS FROM `sw_msgcode` [ RunTime:0.0013s ]
SQL: SELECT * FROM `sw_msgcode` WHERE ( status=0 AND phoneNumber=11111111111 ) ORDER BY CREATETIME desc LIMIT 1   [ RunTime:0.0003s ]

[ 2016-06-29T01:52:13+08:00 ] ::1 /thinkphp/hp/index.php/Home/Patient/verifyCode
INFO: [ app_init ] --START--
INFO: Run Behavior\BuildLiteBehavior [ RunTime:0.000258s ]
INFO: [ app_init ] --END-- [ RunTime:0.001465s ]
INFO: [ app_begin ] --START--
INFO: Run Behavior\ReadHtmlCacheBehavior [ RunTime:0.000527s ]
INFO: [ app_begin ] --END-- [ RunTime:0.000591s ]

[ 2016-06-29T01:52:19+08:00 ] ::1 /thinkphp/hp/index.php/Home/Patient/verifyCode
INFO: [ app_init ] --START--
INFO: Run Behavior\BuildLiteBehavior [ RunTime:0.000024s ]
INFO: [ app_init ] --END-- [ RunTime:0.000491s ]
INFO: [ app_begin ] --START--
INFO: Run Behavior\ReadHtmlCacheBehavior [ RunTime:0.000581s ]
INFO: [ app_begin ] --END-- [ RunTime:0.000653s ]
NOTIC: [8] Use of undefined constant CONTROLLER - assumed 'CONTROLLER' /Applications/MAMP/htdocs/thinkphp/hp/Home/Controller/PatientController.class.php 第 14 行.
NOTIC: [8] Use of undefined constant OAURL_CODE - assumed 'OAURL_CODE' /Applications/MAMP/htdocs/thinkphp/hp/Home/Controller/PatientController.class.php 第 15 行.
NOTIC: [8] Use of undefined constant OAURL_ACCESS_TOKEN - assumed 'OAURL_ACCESS_TOKEN' /Applications/MAMP/htdocs/thinkphp/hp/Home/Controller/PatientController.class.php 第 16 行.
NOTIC: [8] Use of undefined constant appId - assumed 'appId' /Applications/MAMP/htdocs/thinkphp/hp/Home/Controller/PatientController.class.php 第 18 行.
NOTIC: [8] Use of undefined constant appsecret - assumed 'appsecret' /Applications/MAMP/htdocs/thinkphp/hp/Home/Controller/PatientController.class.php 第 19 行.
SQL: SHOW COLUMNS FROM `sw_msgcode` [ RunTime:0.0021s ]
SQL: SELECT * FROM `sw_msgcode` WHERE ( status=0 AND phoneNumber=11111111111 ) ORDER BY CREATETIME desc LIMIT 1   [ RunTime:0.0004s ]
NOTIC: [8] Array to string conversion /Applications/MAMP/htdocs/thinkphp/hp/Home/Controller/PatientController.class.php 第 204 行.
NOTIC: [2] Cannot modify header information - headers already sent by (output started at /Applications/MAMP/htdocs/thinkphp/hp/Home/Controller/PatientController.class.php:204) /Applications/MAMP/htdocs/thinkphp/ThinkPHP/Library/Think/Controller.class.php 第 215 行.

[ 2016-06-29T01:52:52+08:00 ] ::1 /thinkphp/hp/index.php/Home/Patient/verifyCode
INFO: [ app_init ] --START--
INFO: Run Behavior\BuildLiteBehavior [ RunTime:0.000025s ]
INFO: [ app_init ] --END-- [ RunTime:0.000691s ]
INFO: [ app_begin ] --START--
INFO: Run Behavior\ReadHtmlCacheBehavior [ RunTime:0.001434s ]
INFO: [ app_begin ] --END-- [ RunTime:0.001634s ]
NOTIC: [8] Use of undefined constant CONTROLLER - assumed 'CONTROLLER' /Applications/MAMP/htdocs/thinkphp/hp/Home/Controller/PatientController.class.php 第 14 行.
NOTIC: [8] Use of undefined constant OAURL_CODE - assumed 'OAURL_CODE' /Applications/MAMP/htdocs/thinkphp/hp/Home/Controller/PatientController.class.php 第 15 行.
NOTIC: [8] Use of undefined constant OAURL_ACCESS_TOKEN - assumed 'OAURL_ACCESS_TOKEN' /Applications/MAMP/htdocs/thinkphp/hp/Home/Controller/PatientController.class.php 第 16 行.
NOTIC: [8] Use of undefined constant appId - assumed 'appId' /Applications/MAMP/htdocs/thinkphp/hp/Home/Controller/PatientController.class.php 第 18 行.
NOTIC: [8] Use of undefined constant appsecret - assumed 'appsecret' /Applications/MAMP/htdocs/thinkphp/hp/Home/Controller/PatientController.class.php 第 19 行.
SQL: SHOW COLUMNS FROM `sw_msgcode` [ RunTime:0.0029s ]
SQL: SELECT * FROM `sw_msgcode` WHERE ( status=0 AND phoneNumber=11111111111 ) ORDER BY CREATETIME desc LIMIT 1   [ RunTime:0.0005s ]
NOTIC: [2] Cannot modify header information - headers already sent by (output started at /Applications/MAMP/htdocs/thinkphp/hp/Home/Controller/PatientController.class.php:204) /Applications/MAMP/htdocs/thinkphp/ThinkPHP/Library/Think/Controller.class.php 第 215 行.

[ 2016-06-29T01:52:55+08:00 ] ::1 /thinkphp/hp/index.php/Home/Patient/verifyCode
INFO: [ app_init ] --START--
INFO: Run Behavior\BuildLiteBehavior [ RunTime:0.000022s ]
INFO: [ app_init ] --END-- [ RunTime:0.000589s ]
INFO: [ app_begin ] --START--
INFO: Run Behavior\ReadHtmlCacheBehavior [ RunTime:0.000635s ]
INFO: [ app_begin ] --END-- [ RunTime:0.000713s ]
NOTIC: [8] Use of undefined constant CONTROLLER - assumed 'CONTROLLER' /Applications/MAMP/htdocs/thinkphp/hp/Home/Controller/PatientController.class.php 第 14 行.
NOTIC: [8] Use of undefined constant OAURL_CODE - assumed 'OAURL_CODE' /Applications/MAMP/htdocs/thinkphp/hp/Home/Controller/PatientController.class.php 第 15 行.
NOTIC: [8] Use of undefined constant OAURL_ACCESS_TOKEN - assumed 'OAURL_ACCESS_TOKEN' /Applications/MAMP/htdocs/thinkphp/hp/Home/Controller/PatientController.class.php 第 16 行.
NOTIC: [8] Use of undefined constant appId - assumed 'appId' /Applications/MAMP/htdocs/thinkphp/hp/Home/Controller/PatientController.class.php 第 18 行.
NOTIC: [8] Use of undefined constant appsecret - assumed 'appsecret' /Applications/MAMP/htdocs/thinkphp/hp/Home/Controller/PatientController.class.php 第 19 行.
SQL: SHOW COLUMNS FROM `sw_msgcode` [ RunTime:0.0023s ]
SQL: SELECT * FROM `sw_msgcode` WHERE ( status=0 AND phoneNumber=11111111111 ) ORDER BY CREATETIME desc LIMIT 1   [ RunTime:0.0004s ]
NOTIC: [2] Cannot modify header information - headers already sent by (output started at /Applications/MAMP/htdocs/thinkphp/hp/Home/Controller/PatientController.class.php:204) /Applications/MAMP/htdocs/thinkphp/ThinkPHP/Library/Think/Controller.class.php 第 215 行.

[ 2016-06-29T01:53:45+08:00 ] ::1 /thinkphp/hp/index.php/Home/Patient/verifyCode
INFO: [ app_init ] --START--
INFO: Run Behavior\BuildLiteBehavior [ RunTime:0.000014s ]
INFO: [ app_init ] --END-- [ RunTime:0.000435s ]
INFO: [ app_begin ] --START--
INFO: Run Behavior\ReadHtmlCacheBehavior [ RunTime:0.000521s ]
INFO: [ app_begin ] --END-- [ RunTime:0.000588s ]
NOTIC: [8] Use of undefined constant CONTROLLER - assumed 'CONTROLLER' /Applications/MAMP/htdocs/thinkphp/hp/Home/Controller/PatientController.class.php 第 14 行.
NOTIC: [8] Use of undefined constant OAURL_CODE - assumed 'OAURL_CODE' /Applications/MAMP/htdocs/thinkphp/hp/Home/Controller/PatientController.class.php 第 15 行.
NOTIC: [8] Use of undefined constant OAURL_ACCESS_TOKEN - assumed 'OAURL_ACCESS_TOKEN' /Applications/MAMP/htdocs/thinkphp/hp/Home/Controller/PatientController.class.php 第 16 行.
NOTIC: [8] Use of undefined constant appId - assumed 'appId' /Applications/MAMP/htdocs/thinkphp/hp/Home/Controller/PatientController.class.php 第 18 行.
NOTIC: [8] Use of undefined constant appsecret - assumed 'appsecret' /Applications/MAMP/htdocs/thinkphp/hp/Home/Controller/PatientController.class.php 第 19 行.
SQL: SHOW COLUMNS FROM `sw_msgcode` [ RunTime:0.0026s ]
SQL: SELECT * FROM `sw_msgcode` WHERE ( status=0 AND phoneNumber=11111111111 ) ORDER BY CREATETIME desc LIMIT 1   [ RunTime:0.0003s ]
NOTIC: [2] Cannot modify header information - headers already sent by (output started at /Applications/MAMP/htdocs/thinkphp/hp/Home/Controller/PatientController.class.php:204) /Applications/MAMP/htdocs/thinkphp/ThinkPHP/Library/Think/Controller.class.php 第 215 行.

[ 2016-06-29T01:54:26+08:00 ] ::1 /thinkphp/hp/index.php/Home/Patient/verifyCode
INFO: [ app_init ] --START--
INFO: Run Behavior\BuildLiteBehavior [ RunTime:0.000020s ]
INFO: [ app_init ] --END-- [ RunTime:0.000433s ]
INFO: [ app_begin ] --START--
INFO: Run Behavior\ReadHtmlCacheBehavior [ RunTime:0.000463s ]
INFO: [ app_begin ] --END-- [ RunTime:0.000546s ]
NOTIC: [8] Use of undefined constant CONTROLLER - assumed 'CONTROLLER' /Applications/MAMP/htdocs/thinkphp/hp/Home/Controller/PatientController.class.php 第 14 行.
NOTIC: [8] Use of undefined constant OAURL_CODE - assumed 'OAURL_CODE' /Applications/MAMP/htdocs/thinkphp/hp/Home/Controller/PatientController.class.php 第 15 行.
NOTIC: [8] Use of undefined constant OAURL_ACCESS_TOKEN - assumed 'OAURL_ACCESS_TOKEN' /Applications/MAMP/htdocs/thinkphp/hp/Home/Controller/PatientController.class.php 第 16 行.
NOTIC: [8] Use of undefined constant appId - assumed 'appId' /Applications/MAMP/htdocs/thinkphp/hp/Home/Controller/PatientController.class.php 第 18 行.
NOTIC: [8] Use of undefined constant appsecret - assumed 'appsecret' /Applications/MAMP/htdocs/thinkphp/hp/Home/Controller/PatientController.class.php 第 19 行.
SQL: SHOW COLUMNS FROM `sw_msgcode` [ RunTime:0.0019s ]
SQL: SELECT * FROM `sw_msgcode` WHERE ( status=0 AND phoneNumber=11111111111 ) ORDER BY CREATETIME desc LIMIT 1   [ RunTime:0.0003s ]

[ 2016-06-29T01:54:30+08:00 ] ::1 /thinkphp/hp/index.php/Home/Patient/send
INFO: [ app_init ] --START--
INFO: Run Behavior\BuildLiteBehavior [ RunTime:0.000027s ]
INFO: [ app_init ] --END-- [ RunTime:0.000584s ]
INFO: [ app_begin ] --START--
INFO: Run Behavior\ReadHtmlCacheBehavior [ RunTime:0.000834s ]
INFO: [ app_begin ] --END-- [ RunTime:0.000974s ]
NOTIC: [8] Use of undefined constant CONTROLLER - assumed 'CONTROLLER' /Applications/MAMP/htdocs/thinkphp/hp/Home/Controller/PatientController.class.php 第 14 行.
NOTIC: [8] Use of undefined constant OAURL_CODE - assumed 'OAURL_CODE' /Applications/MAMP/htdocs/thinkphp/hp/Home/Controller/PatientController.class.php 第 15 行.
NOTIC: [8] Use of undefined constant OAURL_ACCESS_TOKEN - assumed 'OAURL_ACCESS_TOKEN' /Applications/MAMP/htdocs/thinkphp/hp/Home/Controller/PatientController.class.php 第 16 行.
NOTIC: [8] Use of undefined constant appId - assumed 'appId' /Applications/MAMP/htdocs/thinkphp/hp/Home/Controller/PatientController.class.php 第 18 行.
NOTIC: [8] Use of undefined constant appsecret - assumed 'appsecret' /Applications/MAMP/htdocs/thinkphp/hp/Home/Controller/PatientController.class.php 第 19 行.
SQL: SHOW COLUMNS FROM `sw_msgcode` [ RunTime:0.0017s ]
SQL: INSERT INTO `sw_msgcode` (`CODE`,`phoneNumber`,`SENDFLAG`,`VALIDTIME`) VALUES ('339300','11111111111','0','2016-06-29 01:59:30') [ RunTime:0.0008s ]
INFO: [ app_end ] --START--
INFO: Run Behavior\ShowPageTraceBehavior [ RunTime:0.000970s ]
INFO: [ app_end ] --END-- [ RunTime:0.001056s ]

[ 2016-06-29T01:54:38+08:00 ] ::1 /thinkphp/hp/index.php/Home/Patient/verifyCode
INFO: [ app_init ] --START--
INFO: Run Behavior\BuildLiteBehavior [ RunTime:0.000014s ]
INFO: [ app_init ] --END-- [ RunTime:0.000407s ]
INFO: [ app_begin ] --START--
INFO: Run Behavior\ReadHtmlCacheBehavior [ RunTime:0.000520s ]
INFO: [ app_begin ] --END-- [ RunTime:0.000590s ]
NOTIC: [8] Use of undefined constant CONTROLLER - assumed 'CONTROLLER' /Applications/MAMP/htdocs/thinkphp/hp/Home/Controller/PatientController.class.php 第 14 行.
NOTIC: [8] Use of undefined constant OAURL_CODE - assumed 'OAURL_CODE' /Applications/MAMP/htdocs/thinkphp/hp/Home/Controller/PatientController.class.php 第 15 行.
NOTIC: [8] Use of undefined constant OAURL_ACCESS_TOKEN - assumed 'OAURL_ACCESS_TOKEN' /Applications/MAMP/htdocs/thinkphp/hp/Home/Controller/PatientController.class.php 第 16 行.
NOTIC: [8] Use of undefined constant appId - assumed 'appId' /Applications/MAMP/htdocs/thinkphp/hp/Home/Controller/PatientController.class.php 第 18 行.
NOTIC: [8] Use of undefined constant appsecret - assumed 'appsecret' /Applications/MAMP/htdocs/thinkphp/hp/Home/Controller/PatientController.class.php 第 19 行.
SQL: SHOW COLUMNS FROM `sw_msgcode` [ RunTime:0.0011s ]
SQL: SELECT * FROM `sw_msgcode` WHERE ( status=0 AND phoneNumber=11111111111 ) ORDER BY CREATETIME desc LIMIT 1   [ RunTime:0.0004s ]
NOTIC: [8] Use of undefined constant code - assumed 'code' /Applications/MAMP/htdocs/thinkphp/hp/Home/Controller/PatientController.class.php 第 190 行.

[ 2016-06-29T01:54:40+08:00 ] ::1 /thinkphp/hp/index.php/Home/Patient/agreement
INFO: [ app_init ] --START--
INFO: Run Behavior\BuildLiteBehavior [ RunTime:0.000029s ]
INFO: [ app_init ] --END-- [ RunTime:0.000491s ]
INFO: [ app_begin ] --START--
INFO: Run Behavior\ReadHtmlCacheBehavior [ RunTime:0.000514s ]
INFO: [ app_begin ] --END-- [ RunTime:0.000591s ]
NOTIC: [8] Use of undefined constant CONTROLLER - assumed 'CONTROLLER' /Applications/MAMP/htdocs/thinkphp/hp/Home/Controller/PatientController.class.php 第 14 行.
NOTIC: [8] Use of undefined constant OAURL_CODE - assumed 'OAURL_CODE' /Applications/MAMP/htdocs/thinkphp/hp/Home/Controller/PatientController.class.php 第 15 行.
NOTIC: [8] Use of undefined constant OAURL_ACCESS_TOKEN - assumed 'OAURL_ACCESS_TOKEN' /Applications/MAMP/htdocs/thinkphp/hp/Home/Controller/PatientController.class.php 第 16 行.
NOTIC: [8] Use of undefined constant appId - assumed 'appId' /Applications/MAMP/htdocs/thinkphp/hp/Home/Controller/PatientController.class.php 第 18 行.
NOTIC: [8] Use of undefined constant appsecret - assumed 'appsecret' /Applications/MAMP/htdocs/thinkphp/hp/Home/Controller/PatientController.class.php 第 19 行.
INFO: [ view_parse ] --START--
INFO: [ template_filter ] --START--
INFO: Run Behavior\ContentReplaceBehavior [ RunTime:0.000065s ]
INFO: [ template_filter ] --END-- [ RunTime:0.000132s ]
INFO: Run Behavior\ParseTemplateBehavior [ RunTime:0.012027s ]
INFO: [ view_parse ] --END-- [ RunTime:0.012092s ]
INFO: [ view_filter ] --START--
INFO: Run Behavior\WriteHtmlCacheBehavior [ RunTime:0.000395s ]
INFO: [ view_filter ] --END-- [ RunTime:0.000449s ]
INFO: [ app_end ] --START--
INFO: Run Behavior\ShowPageTraceBehavior [ RunTime:0.000478s ]
INFO: [ app_end ] --END-- [ RunTime:0.000531s ]

[ 2016-06-29T01:55:01+08:00 ] ::1 /thinkphp/hp/index.php/Home/Patient/application
INFO: [ app_init ] --START--
INFO: Run Behavior\BuildLiteBehavior [ RunTime:0.000015s ]
INFO: [ app_init ] --END-- [ RunTime:0.000410s ]
INFO: [ app_begin ] --START--
INFO: Run Behavior\ReadHtmlCacheBehavior [ RunTime:0.000558s ]
INFO: [ app_begin ] --END-- [ RunTime:0.000631s ]
NOTIC: [8] Use of undefined constant CONTROLLER - assumed 'CONTROLLER' /Applications/MAMP/htdocs/thinkphp/hp/Home/Controller/PatientController.class.php 第 14 行.
NOTIC: [8] Use of undefined constant OAURL_CODE - assumed 'OAURL_CODE' /Applications/MAMP/htdocs/thinkphp/hp/Home/Controller/PatientController.class.php 第 15 行.
NOTIC: [8] Use of undefined constant OAURL_ACCESS_TOKEN - assumed 'OAURL_ACCESS_TOKEN' /Applications/MAMP/htdocs/thinkphp/hp/Home/Controller/PatientController.class.php 第 16 行.
NOTIC: [8] Use of undefined constant appId - assumed 'appId' /Applications/MAMP/htdocs/thinkphp/hp/Home/Controller/PatientController.class.php 第 18 行.
NOTIC: [8] Use of undefined constant appsecret - assumed 'appsecret' /Applications/MAMP/htdocs/thinkphp/hp/Home/Controller/PatientController.class.php 第 19 行.
SQL: SHOW COLUMNS FROM `sw_patient` [ RunTime:0.0020s ]
INFO: [ app_end ] --START--
INFO: Run Behavior\ShowPageTraceBehavior [ RunTime:0.001015s ]
INFO: [ app_end ] --END-- [ RunTime:0.001125s ]

[ 2016-06-29T01:59:13+08:00 ] ::1 /thinkphp/hp/index.php/Home/Patient/application
INFO: [ app_init ] --START--
INFO: Run Behavior\BuildLiteBehavior [ RunTime:0.000018s ]
INFO: [ app_init ] --END-- [ RunTime:0.000623s ]
INFO: [ app_begin ] --START--
INFO: Run Behavior\ReadHtmlCacheBehavior [ RunTime:0.000693s ]
INFO: [ app_begin ] --END-- [ RunTime:0.000767s ]
NOTIC: [8] Use of undefined constant CONTROLLER - assumed 'CONTROLLER' /Applications/MAMP/htdocs/thinkphp/hp/Home/Controller/PatientController.class.php 第 14 行.
NOTIC: [8] Use of undefined constant OAURL_CODE - assumed 'OAURL_CODE' /Applications/MAMP/htdocs/thinkphp/hp/Home/Controller/PatientController.class.php 第 15 行.
NOTIC: [8] Use of undefined constant OAURL_ACCESS_TOKEN - assumed 'OAURL_ACCESS_TOKEN' /Applications/MAMP/htdocs/thinkphp/hp/Home/Controller/PatientController.class.php 第 16 行.
NOTIC: [8] Use of undefined constant appId - assumed 'appId' /Applications/MAMP/htdocs/thinkphp/hp/Home/Controller/PatientController.class.php 第 18 行.
NOTIC: [8] Use of undefined constant appsecret - assumed 'appsecret' /Applications/MAMP/htdocs/thinkphp/hp/Home/Controller/PatientController.class.php 第 19 行.
SQL: SHOW COLUMNS FROM `sw_patient` [ RunTime:0.0023s ]
INFO: [ app_end ] --START--
INFO: Run Behavior\ShowPageTraceBehavior [ RunTime:0.000896s ]
INFO: [ app_end ] --END-- [ RunTime:0.000967s ]

[ 2016-06-29T02:00:52+08:00 ] ::1 /thinkphp/hp/index.php/Home/Patient/application
INFO: [ app_init ] --START--
INFO: Run Behavior\BuildLiteBehavior [ RunTime:0.000018s ]
INFO: [ app_init ] --END-- [ RunTime:0.000699s ]
INFO: [ app_begin ] --START--
INFO: Run Behavior\ReadHtmlCacheBehavior [ RunTime:0.000820s ]
INFO: [ app_begin ] --END-- [ RunTime:0.000912s ]
NOTIC: [8] Use of undefined constant CONTROLLER - assumed 'CONTROLLER' /Applications/MAMP/htdocs/thinkphp/hp/Home/Controller/PatientController.class.php 第 14 行.
NOTIC: [8] Use of undefined constant OAURL_CODE - assumed 'OAURL_CODE' /Applications/MAMP/htdocs/thinkphp/hp/Home/Controller/PatientController.class.php 第 15 行.
NOTIC: [8] Use of undefined constant OAURL_ACCESS_TOKEN - assumed 'OAURL_ACCESS_TOKEN' /Applications/MAMP/htdocs/thinkphp/hp/Home/Controller/PatientController.class.php 第 16 行.
NOTIC: [8] Use of undefined constant appId - assumed 'appId' /Applications/MAMP/htdocs/thinkphp/hp/Home/Controller/PatientController.class.php 第 18 行.
NOTIC: [8] Use of undefined constant appsecret - assumed 'appsecret' /Applications/MAMP/htdocs/thinkphp/hp/Home/Controller/PatientController.class.php 第 19 行.
SQL: SHOW COLUMNS FROM `sw_patient` [ RunTime:0.0030s ]
INFO: [ app_end ] --START--
INFO: Run Behavior\ShowPageTraceBehavior [ RunTime:0.001122s ]
INFO: [ app_end ] --END-- [ RunTime:0.001269s ]

[ 2016-06-29T02:00:55+08:00 ] ::1 /thinkphp/hp/index.php/Home/Patient/agreement
INFO: [ app_init ] --START--
INFO: Run Behavior\BuildLiteBehavior [ RunTime:0.000016s ]
INFO: [ app_init ] --END-- [ RunTime:0.000390s ]
INFO: [ app_begin ] --START--
INFO: Run Behavior\ReadHtmlCacheBehavior [ RunTime:0.000522s ]
INFO: [ app_begin ] --END-- [ RunTime:0.000582s ]
NOTIC: [8] Use of undefined constant CONTROLLER - assumed 'CONTROLLER' /Applications/MAMP/htdocs/thinkphp/hp/Home/Controller/PatientController.class.php 第 14 行.
NOTIC: [8] Use of undefined constant OAURL_CODE - assumed 'OAURL_CODE' /Applications/MAMP/htdocs/thinkphp/hp/Home/Controller/PatientController.class.php 第 15 行.
NOTIC: [8] Use of undefined constant OAURL_ACCESS_TOKEN - assumed 'OAURL_ACCESS_TOKEN' /Applications/MAMP/htdocs/thinkphp/hp/Home/Controller/PatientController.class.php 第 16 行.
NOTIC: [8] Use of undefined constant appId - assumed 'appId' /Applications/MAMP/htdocs/thinkphp/hp/Home/Controller/PatientController.class.php 第 18 行.
NOTIC: [8] Use of undefined constant appsecret - assumed 'appsecret' /Applications/MAMP/htdocs/thinkphp/hp/Home/Controller/PatientController.class.php 第 19 行.
INFO: [ view_parse ] --START--
INFO: [ template_filter ] --START--
INFO: Run Behavior\ContentReplaceBehavior [ RunTime:0.000100s ]
INFO: [ template_filter ] --END-- [ RunTime:0.000166s ]
INFO: Run Behavior\ParseTemplateBehavior [ RunTime:0.010458s ]
INFO: [ view_parse ] --END-- [ RunTime:0.010527s ]
INFO: [ view_filter ] --START--
INFO: Run Behavior\WriteHtmlCacheBehavior [ RunTime:0.000385s ]
INFO: [ view_filter ] --END-- [ RunTime:0.000446s ]
INFO: [ app_end ] --START--
INFO: Run Behavior\ShowPageTraceBehavior [ RunTime:0.000506s ]
INFO: [ app_end ] --END-- [ RunTime:0.000562s ]

[ 2016-06-29T02:00:58+08:00 ] ::1 /thinkphp/hp/index.php/Home/Patient/application
INFO: [ app_init ] --START--
INFO: Run Behavior\BuildLiteBehavior [ RunTime:0.000015s ]
INFO: [ app_init ] --END-- [ RunTime:0.000481s ]
INFO: [ app_begin ] --START--
INFO: Run Behavior\ReadHtmlCacheBehavior [ RunTime:0.001414s ]
INFO: [ app_begin ] --END-- [ RunTime:0.001569s ]
NOTIC: [8] Use of undefined constant CONTROLLER - assumed 'CONTROLLER' /Applications/MAMP/htdocs/thinkphp/hp/Home/Controller/PatientController.class.php 第 14 行.
NOTIC: [8] Use of undefined constant OAURL_CODE - assumed 'OAURL_CODE' /Applications/MAMP/htdocs/thinkphp/hp/Home/Controller/PatientController.class.php 第 15 行.
NOTIC: [8] Use of undefined constant OAURL_ACCESS_TOKEN - assumed 'OAURL_ACCESS_TOKEN' /Applications/MAMP/htdocs/thinkphp/hp/Home/Controller/PatientController.class.php 第 16 行.
NOTIC: [8] Use of undefined constant appId - assumed 'appId' /Applications/MAMP/htdocs/thinkphp/hp/Home/Controller/PatientController.class.php 第 18 行.
NOTIC: [8] Use of undefined constant appsecret - assumed 'appsecret' /Applications/MAMP/htdocs/thinkphp/hp/Home/Controller/PatientController.class.php 第 19 行.
SQL: SHOW COLUMNS FROM `sw_patient` [ RunTime:0.0026s ]
INFO: [ app_end ] --START--
INFO: Run Behavior\ShowPageTraceBehavior [ RunTime:0.000589s ]
INFO: [ app_end ] --END-- [ RunTime:0.000654s ]

[ 2016-06-29T02:01:17+08:00 ] ::1 /thinkphp/hp/index.php/Home/Patient/agreement
INFO: [ app_init ] --START--
INFO: Run Behavior\BuildLiteBehavior [ RunTime:0.000019s ]
INFO: [ app_init ] --END-- [ RunTime:0.000628s ]
INFO: [ app_begin ] --START--
INFO: Run Behavior\ReadHtmlCacheBehavior [ RunTime:0.000718s ]
INFO: [ app_begin ] --END-- [ RunTime:0.000785s ]
NOTIC: [8] Use of undefined constant CONTROLLER - assumed 'CONTROLLER' /Applications/MAMP/htdocs/thinkphp/hp/Home/Controller/PatientController.class.php 第 14 行.
NOTIC: [8] Use of undefined constant OAURL_CODE - assumed 'OAURL_CODE' /Applications/MAMP/htdocs/thinkphp/hp/Home/Controller/PatientController.class.php 第 15 行.
NOTIC: [8] Use of undefined constant OAURL_ACCESS_TOKEN - assumed 'OAURL_ACCESS_TOKEN' /Applications/MAMP/htdocs/thinkphp/hp/Home/Controller/PatientController.class.php 第 16 行.
NOTIC: [8] Use of undefined constant appId - assumed 'appId' /Applications/MAMP/htdocs/thinkphp/hp/Home/Controller/PatientController.class.php 第 18 行.
NOTIC: [8] Use of undefined constant appsecret - assumed 'appsecret' /Applications/MAMP/htdocs/thinkphp/hp/Home/Controller/PatientController.class.php 第 19 行.
INFO: [ view_parse ] --START--
INFO: [ template_filter ] --START--
INFO: Run Behavior\ContentReplaceBehavior [ RunTime:0.000072s ]
INFO: [ template_filter ] --END-- [ RunTime:0.000143s ]
INFO: Run Behavior\ParseTemplateBehavior [ RunTime:0.009755s ]
INFO: [ view_parse ] --END-- [ RunTime:0.009825s ]
INFO: [ view_filter ] --START--
INFO: Run Behavior\WriteHtmlCacheBehavior [ RunTime:0.000401s ]
INFO: [ view_filter ] --END-- [ RunTime:0.000464s ]
INFO: [ app_end ] --START--
INFO: Run Behavior\ShowPageTraceBehavior [ RunTime:0.000874s ]
INFO: [ app_end ] --END-- [ RunTime:0.000943s ]

[ 2016-06-29T02:01:19+08:00 ] ::1 /thinkphp/hp/index.php/Home/Patient/application
INFO: [ app_init ] --START--
INFO: Run Behavior\BuildLiteBehavior [ RunTime:0.000016s ]
INFO: [ app_init ] --END-- [ RunTime:0.000353s ]
INFO: [ app_begin ] --START--
INFO: Run Behavior\ReadHtmlCacheBehavior [ RunTime:0.000486s ]
INFO: [ app_begin ] --END-- [ RunTime:0.000551s ]
NOTIC: [8] Use of undefined constant CONTROLLER - assumed 'CONTROLLER' /Applications/MAMP/htdocs/thinkphp/hp/Home/Controller/PatientController.class.php 第 14 行.
NOTIC: [8] Use of undefined constant OAURL_CODE - assumed 'OAURL_CODE' /Applications/MAMP/htdocs/thinkphp/hp/Home/Controller/PatientController.class.php 第 15 行.
NOTIC: [8] Use of undefined constant OAURL_ACCESS_TOKEN - assumed 'OAURL_ACCESS_TOKEN' /Applications/MAMP/htdocs/thinkphp/hp/Home/Controller/PatientController.class.php 第 16 行.
NOTIC: [8] Use of undefined constant appId - assumed 'appId' /Applications/MAMP/htdocs/thinkphp/hp/Home/Controller/PatientController.class.php 第 18 行.
NOTIC: [8] Use of undefined constant appsecret - assumed 'appsecret' /Applications/MAMP/htdocs/thinkphp/hp/Home/Controller/PatientController.class.php 第 19 行.
SQL: SHOW COLUMNS FROM `sw_patient` [ RunTime:0.0024s ]
INFO: [ app_end ] --START--
INFO: Run Behavior\ShowPageTraceBehavior [ RunTime:0.000584s ]
INFO: [ app_end ] --END-- [ RunTime:0.000654s ]

[ 2016-06-29T02:01:25+08:00 ] ::1 /thinkphp/hp/index.php/Home/Patient/agreement
INFO: [ app_init ] --START--
INFO: Run Behavior\BuildLiteBehavior [ RunTime:0.000028s ]
INFO: [ app_init ] --END-- [ RunTime:0.000503s ]
INFO: [ app_begin ] --START--
INFO: Run Behavior\ReadHtmlCacheBehavior [ RunTime:0.001061s ]
INFO: [ app_begin ] --END-- [ RunTime:0.001230s ]
NOTIC: [8] Use of undefined constant CONTROLLER - assumed 'CONTROLLER' /Applications/MAMP/htdocs/thinkphp/hp/Home/Controller/PatientController.class.php 第 14 行.
NOTIC: [8] Use of undefined constant OAURL_CODE - assumed 'OAURL_CODE' /Applications/MAMP/htdocs/thinkphp/hp/Home/Controller/PatientController.class.php 第 15 行.
NOTIC: [8] Use of undefined constant OAURL_ACCESS_TOKEN - assumed 'OAURL_ACCESS_TOKEN' /Applications/MAMP/htdocs/thinkphp/hp/Home/Controller/PatientController.class.php 第 16 行.
NOTIC: [8] Use of undefined constant appId - assumed 'appId' /Applications/MAMP/htdocs/thinkphp/hp/Home/Controller/PatientController.class.php 第 18 行.
NOTIC: [8] Use of undefined constant appsecret - assumed 'appsecret' /Applications/MAMP/htdocs/thinkphp/hp/Home/Controller/PatientController.class.php 第 19 行.
INFO: [ view_parse ] --START--
INFO: [ template_filter ] --START--
INFO: Run Behavior\ContentReplaceBehavior [ RunTime:0.000055s ]
INFO: [ template_filter ] --END-- [ RunTime:0.000118s ]
INFO: Run Behavior\ParseTemplateBehavior [ RunTime:0.009338s ]
INFO: [ view_parse ] --END-- [ RunTime:0.009461s ]
INFO: [ view_filter ] --START--
INFO: Run Behavior\WriteHtmlCacheBehavior [ RunTime:0.000161s ]
INFO: [ view_filter ] --END-- [ RunTime:0.000209s ]
INFO: [ app_end ] --START--
INFO: Run Behavior\ShowPageTraceBehavior [ RunTime:0.000592s ]
INFO: [ app_end ] --END-- [ RunTime:0.000649s ]

[ 2016-06-29T02:01:48+08:00 ] ::1 /thinkphp/hp/index.php/Home/Patient/application
INFO: [ app_init ] --START--
INFO: Run Behavior\BuildLiteBehavior [ RunTime:0.000016s ]
INFO: [ app_init ] --END-- [ RunTime:0.000498s ]
INFO: [ app_begin ] --START--
INFO: Run Behavior\ReadHtmlCacheBehavior [ RunTime:0.000728s ]
INFO: [ app_begin ] --END-- [ RunTime:0.000812s ]
NOTIC: [8] Use of undefined constant CONTROLLER - assumed 'CONTROLLER' /Applications/MAMP/htdocs/thinkphp/hp/Home/Controller/PatientController.class.php 第 14 行.
NOTIC: [8] Use of undefined constant OAURL_CODE - assumed 'OAURL_CODE' /Applications/MAMP/htdocs/thinkphp/hp/Home/Controller/PatientController.class.php 第 15 行.
NOTIC: [8] Use of undefined constant OAURL_ACCESS_TOKEN - assumed 'OAURL_ACCESS_TOKEN' /Applications/MAMP/htdocs/thinkphp/hp/Home/Controller/PatientController.class.php 第 16 行.
NOTIC: [8] Use of undefined constant appId - assumed 'appId' /Applications/MAMP/htdocs/thinkphp/hp/Home/Controller/PatientController.class.php 第 18 行.
NOTIC: [8] Use of undefined constant appsecret - assumed 'appsecret' /Applications/MAMP/htdocs/thinkphp/hp/Home/Controller/PatientController.class.php 第 19 行.
SQL: SHOW COLUMNS FROM `sw_patient` [ RunTime:0.0021s ]
INFO: [ app_end ] --START--
INFO: Run Behavior\ShowPageTraceBehavior [ RunTime:0.000827s ]
INFO: [ app_end ] --END-- [ RunTime:0.000907s ]

[ 2016-06-29T02:02:04+08:00 ] ::1 /thinkphp/hp/index.php/Home/Patient/application
INFO: [ app_init ] --START--
INFO: Run Behavior\BuildLiteBehavior [ RunTime:0.000022s ]
INFO: [ app_init ] --END-- [ RunTime:0.000537s ]
INFO: [ app_begin ] --START--
INFO: Run Behavior\ReadHtmlCacheBehavior [ RunTime:0.000688s ]
INFO: [ app_begin ] --END-- [ RunTime:0.000793s ]
NOTIC: [8] Use of undefined constant CONTROLLER - assumed 'CONTROLLER' /Applications/MAMP/htdocs/thinkphp/hp/Home/Controller/PatientController.class.php 第 14 行.
NOTIC: [8] Use of undefined constant OAURL_CODE - assumed 'OAURL_CODE' /Applications/MAMP/htdocs/thinkphp/hp/Home/Controller/PatientController.class.php 第 15 行.
NOTIC: [8] Use of undefined constant OAURL_ACCESS_TOKEN - assumed 'OAURL_ACCESS_TOKEN' /Applications/MAMP/htdocs/thinkphp/hp/Home/Controller/PatientController.class.php 第 16 行.
NOTIC: [8] Use of undefined constant appId - assumed 'appId' /Applications/MAMP/htdocs/thinkphp/hp/Home/Controller/PatientController.class.php 第 18 行.
NOTIC: [8] Use of undefined constant appsecret - assumed 'appsecret' /Applications/MAMP/htdocs/thinkphp/hp/Home/Controller/PatientController.class.php 第 19 行.
SQL: SHOW COLUMNS FROM `sw_patient` [ RunTime:0.0029s ]
INFO: [ app_end ] --START--
INFO: Run Behavior\ShowPageTraceBehavior [ RunTime:0.000499s ]
INFO: [ app_end ] --END-- [ RunTime:0.000556s ]

[ 2016-06-29T02:02:06+08:00 ] ::1 /thinkphp/hp/index.php/Home/Patient/agreement
INFO: [ app_init ] --START--
INFO: Run Behavior\BuildLiteBehavior [ RunTime:0.000029s ]
INFO: [ app_init ] --END-- [ RunTime:0.000559s ]
INFO: [ app_begin ] --START--
INFO: Run Behavior\ReadHtmlCacheBehavior [ RunTime:0.000596s ]
INFO: [ app_begin ] --END-- [ RunTime:0.000686s ]
NOTIC: [8] Use of undefined constant CONTROLLER - assumed 'CONTROLLER' /Applications/MAMP/htdocs/thinkphp/hp/Home/Controller/PatientController.class.php 第 14 行.
NOTIC: [8] Use of undefined constant OAURL_CODE - assumed 'OAURL_CODE' /Applications/MAMP/htdocs/thinkphp/hp/Home/Controller/PatientController.class.php 第 15 行.
NOTIC: [8] Use of undefined constant OAURL_ACCESS_TOKEN - assumed 'OAURL_ACCESS_TOKEN' /Applications/MAMP/htdocs/thinkphp/hp/Home/Controller/PatientController.class.php 第 16 行.
NOTIC: [8] Use of undefined constant appId - assumed 'appId' /Applications/MAMP/htdocs/thinkphp/hp/Home/Controller/PatientController.class.php 第 18 行.
NOTIC: [8] Use of undefined constant appsecret - assumed 'appsecret' /Applications/MAMP/htdocs/thinkphp/hp/Home/Controller/PatientController.class.php 第 19 行.
INFO: [ view_parse ] --START--
INFO: [ template_filter ] --START--
INFO: Run Behavior\ContentReplaceBehavior [ RunTime:0.000072s ]
INFO: [ template_filter ] --END-- [ RunTime:0.000144s ]
INFO: Run Behavior\ParseTemplateBehavior [ RunTime:0.010530s ]
INFO: [ view_parse ] --END-- [ RunTime:0.010594s ]
INFO: [ view_filter ] --START--
INFO: Run Behavior\WriteHtmlCacheBehavior [ RunTime:0.000354s ]
INFO: [ view_filter ] --END-- [ RunTime:0.000414s ]
INFO: [ app_end ] --START--
INFO: Run Behavior\ShowPageTraceBehavior [ RunTime:0.000483s ]
INFO: [ app_end ] --END-- [ RunTime:0.000535s ]

[ 2016-06-29T02:02:08+08:00 ] ::1 /thinkphp/hp/index.php/Home/Patient/application
INFO: [ app_init ] --START--
INFO: Run Behavior\BuildLiteBehavior [ RunTime:0.000014s ]
INFO: [ app_init ] --END-- [ RunTime:0.000331s ]
INFO: [ app_begin ] --START--
INFO: Run Behavior\ReadHtmlCacheBehavior [ RunTime:0.000428s ]
INFO: [ app_begin ] --END-- [ RunTime:0.000481s ]
NOTIC: [8] Use of undefined constant CONTROLLER - assumed 'CONTROLLER' /Applications/MAMP/htdocs/thinkphp/hp/Home/Controller/PatientController.class.php 第 14 行.
NOTIC: [8] Use of undefined constant OAURL_CODE - assumed 'OAURL_CODE' /Applications/MAMP/htdocs/thinkphp/hp/Home/Controller/PatientController.class.php 第 15 行.
NOTIC: [8] Use of undefined constant OAURL_ACCESS_TOKEN - assumed 'OAURL_ACCESS_TOKEN' /Applications/MAMP/htdocs/thinkphp/hp/Home/Controller/PatientController.class.php 第 16 行.
NOTIC: [8] Use of undefined constant appId - assumed 'appId' /Applications/MAMP/htdocs/thinkphp/hp/Home/Controller/PatientController.class.php 第 18 行.
NOTIC: [8] Use of undefined constant appsecret - assumed 'appsecret' /Applications/MAMP/htdocs/thinkphp/hp/Home/Controller/PatientController.class.php 第 19 行.
SQL: SHOW COLUMNS FROM `sw_patient` [ RunTime:0.0037s ]
INFO: [ app_end ] --START--
INFO: Run Behavior\ShowPageTraceBehavior [ RunTime:0.000608s ]
INFO: [ app_end ] --END-- [ RunTime:0.000665s ]

[ 2016-06-29T02:02:19+08:00 ] ::1 /thinkphp/hp/index.php/Home/Patient/agreement
INFO: [ app_init ] --START--
INFO: Run Behavior\BuildLiteBehavior [ RunTime:0.000017s ]
INFO: [ app_init ] --END-- [ RunTime:0.000459s ]
INFO: [ app_begin ] --START--
INFO: Run Behavior\ReadHtmlCacheBehavior [ RunTime:0.000481s ]
INFO: [ app_begin ] --END-- [ RunTime:0.000539s ]
NOTIC: [8] Use of undefined constant CONTROLLER - assumed 'CONTROLLER' /Applications/MAMP/htdocs/thinkphp/hp/Home/Controller/PatientController.class.php 第 14 行.
NOTIC: [8] Use of undefined constant OAURL_CODE - assumed 'OAURL_CODE' /Applications/MAMP/htdocs/thinkphp/hp/Home/Controller/PatientController.class.php 第 15 行.
NOTIC: [8] Use of undefined constant OAURL_ACCESS_TOKEN - assumed 'OAURL_ACCESS_TOKEN' /Applications/MAMP/htdocs/thinkphp/hp/Home/Controller/PatientController.class.php 第 16 行.
NOTIC: [8] Use of undefined constant appId - assumed 'appId' /Applications/MAMP/htdocs/thinkphp/hp/Home/Controller/PatientController.class.php 第 18 行.
NOTIC: [8] Use of undefined constant appsecret - assumed 'appsecret' /Applications/MAMP/htdocs/thinkphp/hp/Home/Controller/PatientController.class.php 第 19 行.
INFO: [ view_parse ] --START--
INFO: [ template_filter ] --START--
INFO: Run Behavior\ContentReplaceBehavior [ RunTime:0.000066s ]
INFO: [ template_filter ] --END-- [ RunTime:0.000131s ]
INFO: Run Behavior\ParseTemplateBehavior [ RunTime:0.008483s ]
INFO: [ view_parse ] --END-- [ RunTime:0.008543s ]
INFO: [ view_filter ] --START--
INFO: Run Behavior\WriteHtmlCacheBehavior [ RunTime:0.000148s ]
INFO: [ view_filter ] --END-- [ RunTime:0.000190s ]
INFO: [ app_end ] --START--
INFO: Run Behavior\ShowPageTraceBehavior [ RunTime:0.000455s ]
INFO: [ app_end ] --END-- [ RunTime:0.000504s ]

[ 2016-06-29T02:02:21+08:00 ] ::1 /thinkphp/hp/index.php/Home/Patient/application
INFO: [ app_init ] --START--
INFO: Run Behavior\BuildLiteBehavior [ RunTime:0.000013s ]
INFO: [ app_init ] --END-- [ RunTime:0.000309s ]
INFO: [ app_begin ] --START--
INFO: Run Behavior\ReadHtmlCacheBehavior [ RunTime:0.000849s ]
INFO: [ app_begin ] --END-- [ RunTime:0.000941s ]
NOTIC: [8] Use of undefined constant CONTROLLER - assumed 'CONTROLLER' /Applications/MAMP/htdocs/thinkphp/hp/Home/Controller/PatientController.class.php 第 14 行.
NOTIC: [8] Use of undefined constant OAURL_CODE - assumed 'OAURL_CODE' /Applications/MAMP/htdocs/thinkphp/hp/Home/Controller/PatientController.class.php 第 15 行.
NOTIC: [8] Use of undefined constant OAURL_ACCESS_TOKEN - assumed 'OAURL_ACCESS_TOKEN' /Applications/MAMP/htdocs/thinkphp/hp/Home/Controller/PatientController.class.php 第 16 行.
NOTIC: [8] Use of undefined constant appId - assumed 'appId' /Applications/MAMP/htdocs/thinkphp/hp/Home/Controller/PatientController.class.php 第 18 行.
NOTIC: [8] Use of undefined constant appsecret - assumed 'appsecret' /Applications/MAMP/htdocs/thinkphp/hp/Home/Controller/PatientController.class.php 第 19 行.
SQL: SHOW COLUMNS FROM `sw_patient` [ RunTime:0.0027s ]
INFO: [ app_end ] --START--
INFO: Run Behavior\ShowPageTraceBehavior [ RunTime:0.001258s ]
INFO: [ app_end ] --END-- [ RunTime:0.001377s ]

[ 2016-06-29T02:02:24+08:00 ] ::1 /thinkphp/hp/index.php/Home/Patient/agreement
INFO: [ app_init ] --START--
INFO: Run Behavior\BuildLiteBehavior [ RunTime:0.000013s ]
INFO: [ app_init ] --END-- [ RunTime:0.000351s ]
INFO: [ app_begin ] --START--
INFO: Run Behavior\ReadHtmlCacheBehavior [ RunTime:0.000441s ]
INFO: [ app_begin ] --END-- [ RunTime:0.000493s ]
NOTIC: [8] Use of undefined constant CONTROLLER - assumed 'CONTROLLER' /Applications/MAMP/htdocs/thinkphp/hp/Home/Controller/PatientController.class.php 第 14 行.
NOTIC: [8] Use of undefined constant OAURL_CODE - assumed 'OAURL_CODE' /Applications/MAMP/htdocs/thinkphp/hp/Home/Controller/PatientController.class.php 第 15 行.
NOTIC: [8] Use of undefined constant OAURL_ACCESS_TOKEN - assumed 'OAURL_ACCESS_TOKEN' /Applications/MAMP/htdocs/thinkphp/hp/Home/Controller/PatientController.class.php 第 16 行.
NOTIC: [8] Use of undefined constant appId - assumed 'appId' /Applications/MAMP/htdocs/thinkphp/hp/Home/Controller/PatientController.class.php 第 18 行.
NOTIC: [8] Use of undefined constant appsecret - assumed 'appsecret' /Applications/MAMP/htdocs/thinkphp/hp/Home/Controller/PatientController.class.php 第 19 行.
INFO: [ view_parse ] --START--
INFO: [ template_filter ] --START--
INFO: Run Behavior\ContentReplaceBehavior [ RunTime:0.000067s ]
INFO: [ template_filter ] --END-- [ RunTime:0.000168s ]
INFO: Run Behavior\ParseTemplateBehavior [ RunTime:0.009292s ]
INFO: [ view_parse ] --END-- [ RunTime:0.009368s ]
INFO: [ view_filter ] --START--
INFO: Run Behavior\WriteHtmlCacheBehavior [ RunTime:0.000146s ]
INFO: [ view_filter ] --END-- [ RunTime:0.000191s ]
INFO: [ app_end ] --START--
INFO: Run Behavior\ShowPageTraceBehavior [ RunTime:0.000441s ]
INFO: [ app_end ] --END-- [ RunTime:0.000489s ]

[ 2016-06-29T02:02:27+08:00 ] ::1 /thinkphp/hp/index.php/Home/Patient/application
INFO: [ app_init ] --START--
INFO: Run Behavior\BuildLiteBehavior [ RunTime:0.000016s ]
INFO: [ app_init ] --END-- [ RunTime:0.000336s ]
INFO: [ app_begin ] --START--
INFO: Run Behavior\ReadHtmlCacheBehavior [ RunTime:0.000514s ]
INFO: [ app_begin ] --END-- [ RunTime:0.000574s ]
NOTIC: [8] Use of undefined constant CONTROLLER - assumed 'CONTROLLER' /Applications/MAMP/htdocs/thinkphp/hp/Home/Controller/PatientController.class.php 第 14 行.
NOTIC: [8] Use of undefined constant OAURL_CODE - assumed 'OAURL_CODE' /Applications/MAMP/htdocs/thinkphp/hp/Home/Controller/PatientController.class.php 第 15 行.
NOTIC: [8] Use of undefined constant OAURL_ACCESS_TOKEN - assumed 'OAURL_ACCESS_TOKEN' /Applications/MAMP/htdocs/thinkphp/hp/Home/Controller/PatientController.class.php 第 16 行.
NOTIC: [8] Use of undefined constant appId - assumed 'appId' /Applications/MAMP/htdocs/thinkphp/hp/Home/Controller/PatientController.class.php 第 18 行.
NOTIC: [8] Use of undefined constant appsecret - assumed 'appsecret' /Applications/MAMP/htdocs/thinkphp/hp/Home/Controller/PatientController.class.php 第 19 行.
SQL: SHOW COLUMNS FROM `sw_patient` [ RunTime:0.0032s ]
INFO: [ app_end ] --START--
INFO: Run Behavior\ShowPageTraceBehavior [ RunTime:0.000749s ]
INFO: [ app_end ] --END-- [ RunTime:0.000848s ]

[ 2016-06-29T02:06:07+08:00 ] ::1 /thinkphp/hp/index.php/Home/Patient/application
INFO: [ app_init ] --START--
INFO: Run Behavior\BuildLiteBehavior [ RunTime:0.000018s ]
INFO: [ app_init ] --END-- [ RunTime:0.000703s ]
INFO: [ app_begin ] --START--
INFO: Run Behavior\ReadHtmlCacheBehavior [ RunTime:0.000832s ]
INFO: [ app_begin ] --END-- [ RunTime:0.000920s ]
NOTIC: [8] Use of undefined constant CONTROLLER - assumed 'CONTROLLER' /Applications/MAMP/htdocs/thinkphp/hp/Home/Controller/PatientController.class.php 第 14 行.
NOTIC: [8] Use of undefined constant OAURL_CODE - assumed 'OAURL_CODE' /Applications/MAMP/htdocs/thinkphp/hp/Home/Controller/PatientController.class.php 第 15 行.
NOTIC: [8] Use of undefined constant OAURL_ACCESS_TOKEN - assumed 'OAURL_ACCESS_TOKEN' /Applications/MAMP/htdocs/thinkphp/hp/Home/Controller/PatientController.class.php 第 16 行.
NOTIC: [8] Use of undefined constant appId - assumed 'appId' /Applications/MAMP/htdocs/thinkphp/hp/Home/Controller/PatientController.class.php 第 18 行.
NOTIC: [8] Use of undefined constant appsecret - assumed 'appsecret' /Applications/MAMP/htdocs/thinkphp/hp/Home/Controller/PatientController.class.php 第 19 行.
SQL: SHOW COLUMNS FROM `sw_patient` [ RunTime:0.0043s ]
INFO: [ app_end ] --START--
INFO: Run Behavior\ShowPageTraceBehavior [ RunTime:0.001921s ]
INFO: [ app_end ] --END-- [ RunTime:0.002195s ]

[ 2016-06-29T02:06:10+08:00 ] ::1 /thinkphp/hp/index.php/Home/Patient/agreement
INFO: [ app_init ] --START--
INFO: Run Behavior\BuildLiteBehavior [ RunTime:0.000015s ]
INFO: [ app_init ] --END-- [ RunTime:0.000414s ]
INFO: [ app_begin ] --START--
INFO: Run Behavior\ReadHtmlCacheBehavior [ RunTime:0.000462s ]
INFO: [ app_begin ] --END-- [ RunTime:0.000520s ]
NOTIC: [8] Use of undefined constant CONTROLLER - assumed 'CONTROLLER' /Applications/MAMP/htdocs/thinkphp/hp/Home/Controller/PatientController.class.php 第 14 行.
NOTIC: [8] Use of undefined constant OAURL_CODE - assumed 'OAURL_CODE' /Applications/MAMP/htdocs/thinkphp/hp/Home/Controller/PatientController.class.php 第 15 行.
NOTIC: [8] Use of undefined constant OAURL_ACCESS_TOKEN - assumed 'OAURL_ACCESS_TOKEN' /Applications/MAMP/htdocs/thinkphp/hp/Home/Controller/PatientController.class.php 第 16 行.
NOTIC: [8] Use of undefined constant appId - assumed 'appId' /Applications/MAMP/htdocs/thinkphp/hp/Home/Controller/PatientController.class.php 第 18 行.
NOTIC: [8] Use of undefined constant appsecret - assumed 'appsecret' /Applications/MAMP/htdocs/thinkphp/hp/Home/Controller/PatientController.class.php 第 19 行.
INFO: [ view_parse ] --START--
INFO: [ template_filter ] --START--
INFO: Run Behavior\ContentReplaceBehavior [ RunTime:0.000068s ]
INFO: [ template_filter ] --END-- [ RunTime:0.000140s ]
INFO: Run Behavior\ParseTemplateBehavior [ RunTime:0.009850s ]
INFO: [ view_parse ] --END-- [ RunTime:0.009912s ]
INFO: [ view_filter ] --START--
INFO: Run Behavior\WriteHtmlCacheBehavior [ RunTime:0.000376s ]
INFO: [ view_filter ] --END-- [ RunTime:0.000437s ]
INFO: [ app_end ] --START--
INFO: Run Behavior\ShowPageTraceBehavior [ RunTime:0.000507s ]
INFO: [ app_end ] --END-- [ RunTime:0.000562s ]

[ 2016-06-29T02:06:13+08:00 ] ::1 /thinkphp/hp/index.php/Home/Patient/agreement
INFO: [ app_init ] --START--
INFO: Run Behavior\BuildLiteBehavior [ RunTime:0.000014s ]
INFO: [ app_init ] --END-- [ RunTime:0.000319s ]
INFO: [ app_begin ] --START--
INFO: Run Behavior\ReadHtmlCacheBehavior [ RunTime:0.000904s ]
INFO: [ app_begin ] --END-- [ RunTime:0.001006s ]
NOTIC: [8] Use of undefined constant CONTROLLER - assumed 'CONTROLLER' /Applications/MAMP/htdocs/thinkphp/hp/Home/Controller/PatientController.class.php 第 14 行.
NOTIC: [8] Use of undefined constant OAURL_CODE - assumed 'OAURL_CODE' /Applications/MAMP/htdocs/thinkphp/hp/Home/Controller/PatientController.class.php 第 15 行.
NOTIC: [8] Use of undefined constant OAURL_ACCESS_TOKEN - assumed 'OAURL_ACCESS_TOKEN' /Applications/MAMP/htdocs/thinkphp/hp/Home/Controller/PatientController.class.php 第 16 行.
NOTIC: [8] Use of undefined constant appId - assumed 'appId' /Applications/MAMP/htdocs/thinkphp/hp/Home/Controller/PatientController.class.php 第 18 行.
NOTIC: [8] Use of undefined constant appsecret - assumed 'appsecret' /Applications/MAMP/htdocs/thinkphp/hp/Home/Controller/PatientController.class.php 第 19 行.
INFO: [ view_parse ] --START--
INFO: [ template_filter ] --START--
INFO: Run Behavior\ContentReplaceBehavior [ RunTime:0.000106s ]
INFO: [ template_filter ] --END-- [ RunTime:0.000196s ]
INFO: Run Behavior\ParseTemplateBehavior [ RunTime:0.007042s ]
INFO: [ view_parse ] --END-- [ RunTime:0.007122s ]
INFO: [ view_filter ] --START--
INFO: Run Behavior\WriteHtmlCacheBehavior [ RunTime:0.000160s ]
INFO: [ view_filter ] --END-- [ RunTime:0.000205s ]
INFO: [ app_end ] --START--
INFO: Run Behavior\ShowPageTraceBehavior [ RunTime:0.000562s ]
INFO: [ app_end ] --END-- [ RunTime:0.000615s ]

[ 2016-06-29T02:06:47+08:00 ] ::1 /thinkphp/hp/index.php/Home/Patient/agreement
INFO: [ app_init ] --START--
INFO: Run Behavior\BuildLiteBehavior [ RunTime:0.000015s ]
INFO: [ app_init ] --END-- [ RunTime:0.000343s ]
INFO: [ app_begin ] --START--
INFO: Run Behavior\ReadHtmlCacheBehavior [ RunTime:0.000434s ]
INFO: [ app_begin ] --END-- [ RunTime:0.000491s ]
NOTIC: [8] Use of undefined constant CONTROLLER - assumed 'CONTROLLER' /Applications/MAMP/htdocs/thinkphp/hp/Home/Controller/PatientController.class.php 第 14 行.
NOTIC: [8] Use of undefined constant OAURL_CODE - assumed 'OAURL_CODE' /Applications/MAMP/htdocs/thinkphp/hp/Home/Controller/PatientController.class.php 第 15 行.
NOTIC: [8] Use of undefined constant OAURL_ACCESS_TOKEN - assumed 'OAURL_ACCESS_TOKEN' /Applications/MAMP/htdocs/thinkphp/hp/Home/Controller/PatientController.class.php 第 16 行.
NOTIC: [8] Use of undefined constant appId - assumed 'appId' /Applications/MAMP/htdocs/thinkphp/hp/Home/Controller/PatientController.class.php 第 18 行.
NOTIC: [8] Use of undefined constant appsecret - assumed 'appsecret' /Applications/MAMP/htdocs/thinkphp/hp/Home/Controller/PatientController.class.php 第 19 行.
INFO: [ view_parse ] --START--
INFO: [ template_filter ] --START--
INFO: Run Behavior\ContentReplaceBehavior [ RunTime:0.000040s ]
INFO: [ template_filter ] --END-- [ RunTime:0.000101s ]
INFO: Run Behavior\ParseTemplateBehavior [ RunTime:0.006900s ]
INFO: [ view_parse ] --END-- [ RunTime:0.006993s ]
INFO: [ view_filter ] --START--
INFO: Run Behavior\WriteHtmlCacheBehavior [ RunTime:0.000242s ]
INFO: [ view_filter ] --END-- [ RunTime:0.000309s ]
INFO: [ app_end ] --START--
INFO: Run Behavior\ShowPageTraceBehavior [ RunTime:0.000549s ]
INFO: [ app_end ] --END-- [ RunTime:0.000614s ]

[ 2016-06-29T02:06:49+08:00 ] ::1 /thinkphp/hp/index.php/Home/Patient/application
INFO: [ app_init ] --START--
INFO: Run Behavior\BuildLiteBehavior [ RunTime:0.000020s ]
INFO: [ app_init ] --END-- [ RunTime:0.000443s ]
INFO: [ app_begin ] --START--
INFO: Run Behavior\ReadHtmlCacheBehavior [ RunTime:0.000539s ]
INFO: [ app_begin ] --END-- [ RunTime:0.000620s ]
NOTIC: [8] Use of undefined constant CONTROLLER - assumed 'CONTROLLER' /Applications/MAMP/htdocs/thinkphp/hp/Home/Controller/PatientController.class.php 第 14 行.
NOTIC: [8] Use of undefined constant OAURL_CODE - assumed 'OAURL_CODE' /Applications/MAMP/htdocs/thinkphp/hp/Home/Controller/PatientController.class.php 第 15 行.
NOTIC: [8] Use of undefined constant OAURL_ACCESS_TOKEN - assumed 'OAURL_ACCESS_TOKEN' /Applications/MAMP/htdocs/thinkphp/hp/Home/Controller/PatientController.class.php 第 16 行.
NOTIC: [8] Use of undefined constant appId - assumed 'appId' /Applications/MAMP/htdocs/thinkphp/hp/Home/Controller/PatientController.class.php 第 18 行.
NOTIC: [8] Use of undefined constant appsecret - assumed 'appsecret' /Applications/MAMP/htdocs/thinkphp/hp/Home/Controller/PatientController.class.php 第 19 行.
SQL: SHOW COLUMNS FROM `sw_patient` [ RunTime:0.0029s ]
INFO: [ app_end ] --START--
INFO: Run Behavior\ShowPageTraceBehavior [ RunTime:0.000600s ]
INFO: [ app_end ] --END-- [ RunTime:0.000667s ]

[ 2016-06-29T02:06:53+08:00 ] ::1 /thinkphp/hp/index.php/Home/Patient/agreement
INFO: [ app_init ] --START--
INFO: Run Behavior\BuildLiteBehavior [ RunTime:0.000018s ]
INFO: [ app_init ] --END-- [ RunTime:0.000428s ]
INFO: [ app_begin ] --START--
INFO: Run Behavior\ReadHtmlCacheBehavior [ RunTime:0.000477s ]
INFO: [ app_begin ] --END-- [ RunTime:0.000544s ]
NOTIC: [8] Use of undefined constant CONTROLLER - assumed 'CONTROLLER' /Applications/MAMP/htdocs/thinkphp/hp/Home/Controller/PatientController.class.php 第 14 行.
NOTIC: [8] Use of undefined constant OAURL_CODE - assumed 'OAURL_CODE' /Applications/MAMP/htdocs/thinkphp/hp/Home/Controller/PatientController.class.php 第 15 行.
NOTIC: [8] Use of undefined constant OAURL_ACCESS_TOKEN - assumed 'OAURL_ACCESS_TOKEN' /Applications/MAMP/htdocs/thinkphp/hp/Home/Controller/PatientController.class.php 第 16 行.
NOTIC: [8] Use of undefined constant appId - assumed 'appId' /Applications/MAMP/htdocs/thinkphp/hp/Home/Controller/PatientController.class.php 第 18 行.
NOTIC: [8] Use of undefined constant appsecret - assumed 'appsecret' /Applications/MAMP/htdocs/thinkphp/hp/Home/Controller/PatientController.class.php 第 19 行.
INFO: [ view_parse ] --START--
INFO: [ template_filter ] --START--
INFO: Run Behavior\ContentReplaceBehavior [ RunTime:0.000069s ]
INFO: [ template_filter ] --END-- [ RunTime:0.000132s ]
INFO: Run Behavior\ParseTemplateBehavior [ RunTime:0.007890s ]
INFO: [ view_parse ] --END-- [ RunTime:0.007993s ]
INFO: [ view_filter ] --START--
INFO: Run Behavior\WriteHtmlCacheBehavior [ RunTime:0.000166s ]
INFO: [ view_filter ] --END-- [ RunTime:0.000212s ]
INFO: [ app_end ] --START--
INFO: Run Behavior\ShowPageTraceBehavior [ RunTime:0.000545s ]
INFO: [ app_end ] --END-- [ RunTime:0.000595s ]

[ 2016-06-29T02:07:06+08:00 ] ::1 /thinkphp/hp/index.php/Home/Patient/application
INFO: [ app_init ] --START--
INFO: Run Behavior\BuildLiteBehavior [ RunTime:0.000014s ]
INFO: [ app_init ] --END-- [ RunTime:0.000342s ]
INFO: [ app_begin ] --START--
INFO: Run Behavior\ReadHtmlCacheBehavior [ RunTime:0.000412s ]
INFO: [ app_begin ] --END-- [ RunTime:0.000466s ]
NOTIC: [8] Use of undefined constant CONTROLLER - assumed 'CONTROLLER' /Applications/MAMP/htdocs/thinkphp/hp/Home/Controller/PatientController.class.php 第 14 行.
NOTIC: [8] Use of undefined constant OAURL_CODE - assumed 'OAURL_CODE' /Applications/MAMP/htdocs/thinkphp/hp/Home/Controller/PatientController.class.php 第 15 行.
NOTIC: [8] Use of undefined constant OAURL_ACCESS_TOKEN - assumed 'OAURL_ACCESS_TOKEN' /Applications/MAMP/htdocs/thinkphp/hp/Home/Controller/PatientController.class.php 第 16 行.
NOTIC: [8] Use of undefined constant appId - assumed 'appId' /Applications/MAMP/htdocs/thinkphp/hp/Home/Controller/PatientController.class.php 第 18 行.
NOTIC: [8] Use of undefined constant appsecret - assumed 'appsecret' /Applications/MAMP/htdocs/thinkphp/hp/Home/Controller/PatientController.class.php 第 19 行.
SQL: SHOW COLUMNS FROM `sw_patient` [ RunTime:0.0028s ]
INFO: [ app_end ] --START--
INFO: Run Behavior\ShowPageTraceBehavior [ RunTime:0.000745s ]
INFO: [ app_end ] --END-- [ RunTime:0.000814s ]

[ 2016-06-29T02:08:52+08:00 ] ::1 /thinkphp/hp/index.php/Home/Patient/application
INFO: [ app_init ] --START--
INFO: Run Behavior\BuildLiteBehavior [ RunTime:0.000015s ]
INFO: [ app_init ] --END-- [ RunTime:0.000560s ]
INFO: [ app_begin ] --START--
INFO: Run Behavior\ReadHtmlCacheBehavior [ RunTime:0.000717s ]
INFO: [ app_begin ] --END-- [ RunTime:0.000788s ]
NOTIC: [8] Use of undefined constant CONTROLLER - assumed 'CONTROLLER' /Applications/MAMP/htdocs/thinkphp/hp/Home/Controller/PatientController.class.php 第 14 行.
NOTIC: [8] Use of undefined constant OAURL_CODE - assumed 'OAURL_CODE' /Applications/MAMP/htdocs/thinkphp/hp/Home/Controller/PatientController.class.php 第 15 行.
NOTIC: [8] Use of undefined constant OAURL_ACCESS_TOKEN - assumed 'OAURL_ACCESS_TOKEN' /Applications/MAMP/htdocs/thinkphp/hp/Home/Controller/PatientController.class.php 第 16 行.
NOTIC: [8] Use of undefined constant appId - assumed 'appId' /Applications/MAMP/htdocs/thinkphp/hp/Home/Controller/PatientController.class.php 第 18 行.
NOTIC: [8] Use of undefined constant appsecret - assumed 'appsecret' /Applications/MAMP/htdocs/thinkphp/hp/Home/Controller/PatientController.class.php 第 19 行.
SQL: SHOW COLUMNS FROM `sw_patient` [ RunTime:0.0019s ]
INFO: [ app_end ] --START--
INFO: Run Behavior\ShowPageTraceBehavior [ RunTime:0.000878s ]
INFO: [ app_end ] --END-- [ RunTime:0.000984s ]

[ 2016-06-29T02:08:54+08:00 ] ::1 /thinkphp/hp/index.php/Home/Patient/application
INFO: [ app_init ] --START--
INFO: Run Behavior\BuildLiteBehavior [ RunTime:0.000014s ]
INFO: [ app_init ] --END-- [ RunTime:0.000313s ]
INFO: [ app_begin ] --START--
INFO: Run Behavior\ReadHtmlCacheBehavior [ RunTime:0.000422s ]
INFO: [ app_begin ] --END-- [ RunTime:0.000479s ]
NOTIC: [8] Use of undefined constant CONTROLLER - assumed 'CONTROLLER' /Applications/MAMP/htdocs/thinkphp/hp/Home/Controller/PatientController.class.php 第 14 行.
NOTIC: [8] Use of undefined constant OAURL_CODE - assumed 'OAURL_CODE' /Applications/MAMP/htdocs/thinkphp/hp/Home/Controller/PatientController.class.php 第 15 行.
NOTIC: [8] Use of undefined constant OAURL_ACCESS_TOKEN - assumed 'OAURL_ACCESS_TOKEN' /Applications/MAMP/htdocs/thinkphp/hp/Home/Controller/PatientController.class.php 第 16 行.
NOTIC: [8] Use of undefined constant appId - assumed 'appId' /Applications/MAMP/htdocs/thinkphp/hp/Home/Controller/PatientController.class.php 第 18 行.
NOTIC: [8] Use of undefined constant appsecret - assumed 'appsecret' /Applications/MAMP/htdocs/thinkphp/hp/Home/Controller/PatientController.class.php 第 19 行.
SQL: SHOW COLUMNS FROM `sw_patient` [ RunTime:0.0027s ]
INFO: [ app_end ] --START--
INFO: Run Behavior\ShowPageTraceBehavior [ RunTime:0.000541s ]
INFO: [ app_end ] --END-- [ RunTime:0.000599s ]

[ 2016-06-29T02:08:55+08:00 ] ::1 /thinkphp/hp/index.php/Home/Patient/application
INFO: [ app_init ] --START--
INFO: Run Behavior\BuildLiteBehavior [ RunTime:0.000022s ]
INFO: [ app_init ] --END-- [ RunTime:0.000458s ]
INFO: [ app_begin ] --START--
INFO: Run Behavior\ReadHtmlCacheBehavior [ RunTime:0.000703s ]
INFO: [ app_begin ] --END-- [ RunTime:0.000789s ]
NOTIC: [8] Use of undefined constant CONTROLLER - assumed 'CONTROLLER' /Applications/MAMP/htdocs/thinkphp/hp/Home/Controller/PatientController.class.php 第 14 行.
NOTIC: [8] Use of undefined constant OAURL_CODE - assumed 'OAURL_CODE' /Applications/MAMP/htdocs/thinkphp/hp/Home/Controller/PatientController.class.php 第 15 行.
NOTIC: [8] Use of undefined constant OAURL_ACCESS_TOKEN - assumed 'OAURL_ACCESS_TOKEN' /Applications/MAMP/htdocs/thinkphp/hp/Home/Controller/PatientController.class.php 第 16 行.
NOTIC: [8] Use of undefined constant appId - assumed 'appId' /Applications/MAMP/htdocs/thinkphp/hp/Home/Controller/PatientController.class.php 第 18 行.
NOTIC: [8] Use of undefined constant appsecret - assumed 'appsecret' /Applications/MAMP/htdocs/thinkphp/hp/Home/Controller/PatientController.class.php 第 19 行.
SQL: SHOW COLUMNS FROM `sw_patient` [ RunTime:0.0028s ]
INFO: [ app_end ] --START--
INFO: Run Behavior\ShowPageTraceBehavior [ RunTime:0.000594s ]
INFO: [ app_end ] --END-- [ RunTime:0.000705s ]

[ 2016-06-29T02:09:12+08:00 ] ::1 /thinkphp/hp/index.php/Home/Patient/application
INFO: [ app_init ] --START--
INFO: Run Behavior\BuildLiteBehavior [ RunTime:0.000022s ]
INFO: [ app_init ] --END-- [ RunTime:0.000767s ]
INFO: [ app_begin ] --START--
INFO: Run Behavior\ReadHtmlCacheBehavior [ RunTime:0.000768s ]
INFO: [ app_begin ] --END-- [ RunTime:0.000846s ]
NOTIC: [8] Use of undefined constant CONTROLLER - assumed 'CONTROLLER' /Applications/MAMP/htdocs/thinkphp/hp/Home/Controller/PatientController.class.php 第 14 行.
NOTIC: [8] Use of undefined constant OAURL_CODE - assumed 'OAURL_CODE' /Applications/MAMP/htdocs/thinkphp/hp/Home/Controller/PatientController.class.php 第 15 行.
NOTIC: [8] Use of undefined constant OAURL_ACCESS_TOKEN - assumed 'OAURL_ACCESS_TOKEN' /Applications/MAMP/htdocs/thinkphp/hp/Home/Controller/PatientController.class.php 第 16 行.
NOTIC: [8] Use of undefined constant appId - assumed 'appId' /Applications/MAMP/htdocs/thinkphp/hp/Home/Controller/PatientController.class.php 第 18 行.
NOTIC: [8] Use of undefined constant appsecret - assumed 'appsecret' /Applications/MAMP/htdocs/thinkphp/hp/Home/Controller/PatientController.class.php 第 19 行.
INFO: [ view_parse ] --START--
INFO: [ template_filter ] --START--
INFO: Run Behavior\ContentReplaceBehavior [ RunTime:0.000096s ]
INFO: [ template_filter ] --END-- [ RunTime:0.000169s ]
INFO: Run Behavior\ParseTemplateBehavior [ RunTime:0.017474s ]
INFO: [ view_parse ] --END-- [ RunTime:0.017553s ]
INFO: [ view_filter ] --START--
INFO: Run Behavior\WriteHtmlCacheBehavior [ RunTime:0.001085s ]
INFO: [ view_filter ] --END-- [ RunTime:0.001154s ]
NOTIC: [2] Cannot modify header information - headers already sent by (output started at /Applications/MAMP/htdocs/thinkphp/hp/Home/Controller/PatientController.class.php:70) /Applications/MAMP/htdocs/thinkphp/ThinkPHP/Library/Think/View.class.php 第 91 行.
NOTIC: [2] Cannot modify header information - headers already sent by (output started at /Applications/MAMP/htdocs/thinkphp/hp/Home/Controller/PatientController.class.php:70) /Applications/MAMP/htdocs/thinkphp/ThinkPHP/Library/Think/View.class.php 第 92 行.
NOTIC: [2] Cannot modify header information - headers already sent by (output started at /Applications/MAMP/htdocs/thinkphp/hp/Home/Controller/PatientController.class.php:70) /Applications/MAMP/htdocs/thinkphp/ThinkPHP/Library/Think/View.class.php 第 93 行.
SQL: SHOW COLUMNS FROM `sw_patient` [ RunTime:0.0023s ]
INFO: [ app_end ] --START--
INFO: Run Behavior\ShowPageTraceBehavior [ RunTime:0.002604s ]
INFO: [ app_end ] --END-- [ RunTime:0.002710s ]

[ 2016-06-29T02:10:28+08:00 ] ::1 /thinkphp/hp/index.php/Home/Patient/application
INFO: [ app_init ] --START--
INFO: Run Behavior\BuildLiteBehavior [ RunTime:0.000018s ]
INFO: [ app_init ] --END-- [ RunTime:0.000616s ]
INFO: [ app_begin ] --START--
INFO: Run Behavior\ReadHtmlCacheBehavior [ RunTime:0.000745s ]
INFO: [ app_begin ] --END-- [ RunTime:0.000819s ]
NOTIC: [8] Use of undefined constant CONTROLLER - assumed 'CONTROLLER' /Applications/MAMP/htdocs/thinkphp/hp/Home/Controller/PatientController.class.php 第 14 行.
NOTIC: [8] Use of undefined constant OAURL_CODE - assumed 'OAURL_CODE' /Applications/MAMP/htdocs/thinkphp/hp/Home/Controller/PatientController.class.php 第 15 行.
NOTIC: [8] Use of undefined constant OAURL_ACCESS_TOKEN - assumed 'OAURL_ACCESS_TOKEN' /Applications/MAMP/htdocs/thinkphp/hp/Home/Controller/PatientController.class.php 第 16 行.
NOTIC: [8] Use of undefined constant appId - assumed 'appId' /Applications/MAMP/htdocs/thinkphp/hp/Home/Controller/PatientController.class.php 第 18 行.
NOTIC: [8] Use of undefined constant appsecret - assumed 'appsecret' /Applications/MAMP/htdocs/thinkphp/hp/Home/Controller/PatientController.class.php 第 19 行.
INFO: [ view_parse ] --START--
INFO: [ template_filter ] --START--
INFO: Run Behavior\ContentReplaceBehavior [ RunTime:0.000065s ]
INFO: [ template_filter ] --END-- [ RunTime:0.000167s ]
INFO: Run Behavior\ParseTemplateBehavior [ RunTime:0.016980s ]
INFO: [ view_parse ] --END-- [ RunTime:0.017057s ]
INFO: [ view_filter ] --START--
INFO: Run Behavior\WriteHtmlCacheBehavior [ RunTime:0.000372s ]
INFO: [ view_filter ] --END-- [ RunTime:0.000428s ]
NOTIC: [2] Cannot modify header information - headers already sent by (output started at /Applications/MAMP/htdocs/thinkphp/hp/Home/Controller/PatientController.class.php:70) /Applications/MAMP/htdocs/thinkphp/ThinkPHP/Library/Think/View.class.php 第 91 行.
NOTIC: [2] Cannot modify header information - headers already sent by (output started at /Applications/MAMP/htdocs/thinkphp/hp/Home/Controller/PatientController.class.php:70) /Applications/MAMP/htdocs/thinkphp/ThinkPHP/Library/Think/View.class.php 第 92 行.
NOTIC: [2] Cannot modify header information - headers already sent by (output started at /Applications/MAMP/htdocs/thinkphp/hp/Home/Controller/PatientController.class.php:70) /Applications/MAMP/htdocs/thinkphp/ThinkPHP/Library/Think/View.class.php 第 93 行.
INFO: [ view_parse ] --START--
INFO: [ template_filter ] --START--
INFO: Run Behavior\ContentReplaceBehavior [ RunTime:0.000067s ]
INFO: [ template_filter ] --END-- [ RunTime:-0.012960s ]
INFO: Run Behavior\ParseTemplateBehavior [ RunTime:0.012279s ]
INFO: [ view_parse ] --END-- [ RunTime:-0.000720s ]
INFO: [ view_filter ] --START--
INFO: Run Behavior\WriteHtmlCacheBehavior [ RunTime:0.000013s ]
INFO: [ view_filter ] --END-- [ RunTime:-0.012648s ]
NOTIC: [2] Cannot modify header information - headers already sent by (output started at /Applications/MAMP/htdocs/thinkphp/hp/Home/Controller/PatientController.class.php:70) /Applications/MAMP/htdocs/thinkphp/ThinkPHP/Library/Think/View.class.php 第 91 行.
NOTIC: [2] Cannot modify header information - headers already sent by (output started at /Applications/MAMP/htdocs/thinkphp/hp/Home/Controller/PatientController.class.php:70) /Applications/MAMP/htdocs/thinkphp/ThinkPHP/Library/Think/View.class.php 第 92 行.
NOTIC: [2] Cannot modify header information - headers already sent by (output started at /Applications/MAMP/htdocs/thinkphp/hp/Home/Controller/PatientController.class.php:70) /Applications/MAMP/htdocs/thinkphp/ThinkPHP/Library/Think/View.class.php 第 93 行.
INFO: [ app_end ] --START--
INFO: Run Behavior\ShowPageTraceBehavior [ RunTime:0.001221s ]
INFO: [ app_end ] --END-- [ RunTime:0.001360s ]

[ 2016-06-29T02:10:38+08:00 ] ::1 /thinkphp/hp/index.php/Home/Patient/application
INFO: [ app_init ] --START--
INFO: Run Behavior\BuildLiteBehavior [ RunTime:0.000018s ]
INFO: [ app_init ] --END-- [ RunTime:0.000692s ]
INFO: [ app_begin ] --START--
INFO: Run Behavior\ReadHtmlCacheBehavior [ RunTime:0.000591s ]
INFO: [ app_begin ] --END-- [ RunTime:0.000676s ]
NOTIC: [8] Use of undefined constant CONTROLLER - assumed 'CONTROLLER' /Applications/MAMP/htdocs/thinkphp/hp/Home/Controller/PatientController.class.php 第 14 行.
NOTIC: [8] Use of undefined constant OAURL_CODE - assumed 'OAURL_CODE' /Applications/MAMP/htdocs/thinkphp/hp/Home/Controller/PatientController.class.php 第 15 行.
NOTIC: [8] Use of undefined constant OAURL_ACCESS_TOKEN - assumed 'OAURL_ACCESS_TOKEN' /Applications/MAMP/htdocs/thinkphp/hp/Home/Controller/PatientController.class.php 第 16 行.
NOTIC: [8] Use of undefined constant appId - assumed 'appId' /Applications/MAMP/htdocs/thinkphp/hp/Home/Controller/PatientController.class.php 第 18 行.
NOTIC: [8] Use of undefined constant appsecret - assumed 'appsecret' /Applications/MAMP/htdocs/thinkphp/hp/Home/Controller/PatientController.class.php 第 19 行.
INFO: [ view_parse ] --START--
INFO: [ template_filter ] --START--
INFO: Run Behavior\ContentReplaceBehavior [ RunTime:0.000061s ]
INFO: [ template_filter ] --END-- [ RunTime:0.000128s ]
INFO: Run Behavior\ParseTemplateBehavior [ RunTime:0.015804s ]
INFO: [ view_parse ] --END-- [ RunTime:0.015889s ]
INFO: [ view_filter ] --START--
INFO: Run Behavior\WriteHtmlCacheBehavior [ RunTime:0.000152s ]
INFO: [ view_filter ] --END-- [ RunTime:0.000196s ]
NOTIC: [2] Cannot modify header information - headers already sent by (output started at /Applications/MAMP/htdocs/thinkphp/hp/Home/Controller/PatientController.class.php:70) /Applications/MAMP/htdocs/thinkphp/ThinkPHP/Library/Think/View.class.php 第 91 行.
NOTIC: [2] Cannot modify header information - headers already sent by (output started at /Applications/MAMP/htdocs/thinkphp/hp/Home/Controller/PatientController.class.php:70) /Applications/MAMP/htdocs/thinkphp/ThinkPHP/Library/Think/View.class.php 第 92 行.
NOTIC: [2] Cannot modify header information - headers already sent by (output started at /Applications/MAMP/htdocs/thinkphp/hp/Home/Controller/PatientController.class.php:70) /Applications/MAMP/htdocs/thinkphp/ThinkPHP/Library/Think/View.class.php 第 93 行.
INFO: [ app_end ] --START--
INFO: Run Behavior\ShowPageTraceBehavior [ RunTime:0.000929s ]
INFO: [ app_end ] --END-- [ RunTime:0.001058s ]

[ 2016-06-29T02:10:45+08:00 ] ::1 /thinkphp/hp/index.php/Home/Patient/application
INFO: [ app_init ] --START--
INFO: Run Behavior\BuildLiteBehavior [ RunTime:0.000022s ]
INFO: [ app_init ] --END-- [ RunTime:0.000452s ]
INFO: [ app_begin ] --START--
INFO: Run Behavior\ReadHtmlCacheBehavior [ RunTime:0.000484s ]
INFO: [ app_begin ] --END-- [ RunTime:0.000547s ]
NOTIC: [8] Use of undefined constant CONTROLLER - assumed 'CONTROLLER' /Applications/MAMP/htdocs/thinkphp/hp/Home/Controller/PatientController.class.php 第 14 行.
NOTIC: [8] Use of undefined constant OAURL_CODE - assumed 'OAURL_CODE' /Applications/MAMP/htdocs/thinkphp/hp/Home/Controller/PatientController.class.php 第 15 行.
NOTIC: [8] Use of undefined constant OAURL_ACCESS_TOKEN - assumed 'OAURL_ACCESS_TOKEN' /Applications/MAMP/htdocs/thinkphp/hp/Home/Controller/PatientController.class.php 第 16 行.
NOTIC: [8] Use of undefined constant appId - assumed 'appId' /Applications/MAMP/htdocs/thinkphp/hp/Home/Controller/PatientController.class.php 第 18 行.
NOTIC: [8] Use of undefined constant appsecret - assumed 'appsecret' /Applications/MAMP/htdocs/thinkphp/hp/Home/Controller/PatientController.class.php 第 19 行.
INFO: [ view_parse ] --START--
INFO: [ template_filter ] --START--
INFO: Run Behavior\ContentReplaceBehavior [ RunTime:0.000066s ]
INFO: [ template_filter ] --END-- [ RunTime:0.000129s ]
INFO: Run Behavior\ParseTemplateBehavior [ RunTime:0.015178s ]
INFO: [ view_parse ] --END-- [ RunTime:0.015246s ]
INFO: [ view_filter ] --START--
INFO: Run Behavior\WriteHtmlCacheBehavior [ RunTime:0.000175s ]
INFO: [ view_filter ] --END-- [ RunTime:0.000230s ]
INFO: [ app_end ] --START--
INFO: Run Behavior\ShowPageTraceBehavior [ RunTime:0.000796s ]
INFO: [ app_end ] --END-- [ RunTime:0.000901s ]

